2026-03-24 12:55:08 - capture - INFO - 开始捕获流量，网卡: 所有网卡
2026-03-24 12:55:08 - capture - INFO - 更新间隔: 1秒
2026-03-24 12:55:09 - capture - INFO - 定期处理 4 个已完成的流量
2026-03-24 12:55:10 - capture - INFO - 定期处理 18 个已完成的流量
2026-03-24 12:55:11 - capture - INFO - 定期处理 86 个已完成的流量
2026-03-24 12:55:12 - capture - INFO - 定期处理 268 个已完成的流量
2026-03-24 12:55:13 - capture - INFO - 定期处理 93 个已完成的流量
2026-03-24 12:55:14 - capture - INFO - 定期处理 66 个已完成的流量
2026-03-24 12:55:15 - capture - INFO - 定期处理 21 个已完成的流量
2026-03-24 12:55:16 - capture - INFO - 定期处理 60 个已完成的流量
2026-03-24 12:55:17 - capture - INFO - 定期处理 82 个已完成的流量
2026-03-24 12:55:18 - capture - INFO - 定期处理 131 个已完成的流量
2026-03-24 12:55:19 - capture - INFO - 定期处理 148 个已完成的流量
2026-03-24 12:55:19 - capture - INFO - 尝试停止捕获...
2026-03-24 12:55:19 - capture - INFO - 等待捕获线程结束...
2026-03-24 12:55:19 - capture - INFO - 捕获已停止，退出处理
2026-03-24 12:55:19 - capture - INFO - 捕获已停止，退出处理
2026-03-24 12:55:19 - capture - INFO - 捕获已停止，退出处理
2026-03-24 12:55:19 - capture - INFO - 捕获已停止，退出处理
2026-03-24 12:55:19 - capture - INFO - 捕获已停止，退出处理
2026-03-24 12:55:19 - capture - INFO - 捕获已停止，退出处理
2026-03-24 12:55:19 - capture - INFO - 捕获已停止，退出处理
2026-03-24 12:55:19 - capture - INFO - 捕获已停止，退出处理
2026-03-24 12:55:19 - capture - INFO - 捕获已停止，退出处理
2026-03-24 12:55:19 - capture - INFO - 捕获已停止，退出处理
2026-03-24 12:55:19 - capture - INFO - 捕获已停止，退出处理
2026-03-24 12:55:19 - capture - INFO - 捕获已停止，退出处理
2026-03-24 12:55:19 - capture - INFO - 捕获已停止，退出处理
2026-03-24 12:55:19 - capture - INFO - 捕获已停止，退出处理
2026-03-24 12:55:19 - capture - INFO - 捕获已停止，退出处理
2026-03-24 12:55:19 - capture - INFO - 捕获已停止，退出处理
2026-03-24 12:55:19 - capture - INFO - 捕获已停止，退出处理
2026-03-24 12:55:19 - capture - INFO - 捕获已停止，退出处理
2026-03-24 12:55:19 - capture - INFO - 捕获已停止，退出处理
2026-03-24 12:55:19 - capture - INFO - 捕获已停止，退出处理
2026-03-24 12:55:19 - capture - INFO - 捕获已停止，退出处理
2026-03-24 12:55:19 - capture - INFO - 捕获已停止，退出处理
2026-03-24 12:55:19 - capture - INFO - 捕获已停止，退出处理
2026-03-24 12:55:19 - capture - INFO - 捕获已停止，退出处理
2026-03-24 12:55:19 - capture - INFO - 捕获已停止，退出处理
2026-03-24 12:55:19 - capture - INFO - 捕获已停止，退出处理
2026-03-24 12:55:19 - capture - INFO - 捕获已停止，退出处理
2026-03-24 12:55:19 - capture - INFO - 捕获已停止，退出处理
2026-03-24 12:55:19 - capture - INFO - 捕获已停止，退出处理
2026-03-24 12:55:19 - capture - INFO - 捕获已停止，退出处理
2026-03-24 12:55:19 - capture - INFO - 捕获已停止，退出处理
2026-03-24 12:55:19 - capture - INFO - 捕获已停止，退出处理
2026-03-24 12:55:19 - capture - INFO - 捕获已停止，退出处理
2026-03-24 12:55:19 - capture - INFO - 捕获已停止，退出处理
2026-03-24 12:55:19 - capture - INFO - 捕获已停止，退出处理
2026-03-24 12:55:19 - capture - INFO - 捕获已停止，退出处理
2026-03-24 12:55:19 - capture - INFO - 捕获已停止，退出处理
2026-03-24 12:55:19 - capture - INFO - 捕获已停止，退出处理
2026-03-24 12:55:19 - capture - INFO - 捕获已停止，退出处理
2026-03-24 12:55:19 - capture - INFO - 捕获已停止，退出处理
2026-03-24 12:55:19 - capture - INFO - 捕获已停止，退出处理
2026-03-24 12:55:19 - capture - INFO - 捕获已停止，退出处理
2026-03-24 12:55:19 - capture - INFO - 捕获已停止，退出处理
2026-03-24 12:55:19 - capture - INFO - 捕获已停止，退出处理
2026-03-24 12:55:19 - capture - INFO - 捕获已停止，退出处理
2026-03-24 12:55:19 - capture - INFO - 捕获已停止，退出处理
2026-03-24 12:55:19 - capture - INFO - 捕获已停止，退出处理
2026-03-24 12:55:19 - capture - INFO - 捕获已停止，退出处理
2026-03-24 12:55:19 - capture - INFO - 捕获已停止，退出处理
2026-03-24 12:55:19 - capture - INFO - 捕获已停止，退出处理
2026-03-24 12:55:19 - capture - INFO - 捕获已停止，退出处理
2026-03-24 12:55:19 - capture - INFO - 捕获已停止，退出处理
2026-03-24 12:55:19 - capture - INFO - 捕获已停止，退出处理
2026-03-24 12:55:19 - capture - INFO - 捕获已停止，退出处理
2026-03-24 12:55:19 - capture - INFO - 捕获已停止，退出处理
2026-03-24 12:55:19 - capture - INFO - 捕获已停止，退出处理
2026-03-24 12:55:19 - capture - INFO - 捕获已停止，退出处理
2026-03-24 12:55:19 - capture - INFO - 捕获已停止，退出处理
2026-03-24 12:55:19 - capture - INFO - 捕获已停止，退出处理
2026-03-24 12:55:19 - capture - INFO - 捕获已停止，退出处理
2026-03-24 12:55:19 - capture - INFO - 捕获已停止，退出处理
2026-03-24 12:55:19 - capture - INFO - 捕获已停止，退出处理
2026-03-24 12:55:19 - capture - INFO - 捕获已停止，退出处理
2026-03-24 12:55:19 - capture - INFO - 捕获已停止，退出处理
2026-03-24 12:55:19 - capture - INFO - 捕获已停止，退出处理
2026-03-24 12:55:19 - capture - INFO - 捕获已停止，退出处理
2026-03-24 12:55:19 - capture - INFO - 捕获已停止，退出处理
2026-03-24 12:55:19 - capture - INFO - 捕获已停止，退出处理
2026-03-24 12:55:19 - capture - INFO - 捕获已停止，退出处理
2026-03-24 12:55:19 - capture - INFO - 捕获已停止，退出处理
2026-03-24 12:55:19 - capture - INFO - 捕获已停止，退出处理
2026-03-24 12:55:19 - capture - INFO - 捕获已停止，退出处理
2026-03-24 12:55:19 - capture - INFO - 捕获已停止，退出处理
2026-03-24 12:55:19 - capture - INFO - 捕获已停止，退出处理
2026-03-24 12:55:19 - capture - INFO - 捕获已停止，退出处理
2026-03-24 12:55:19 - capture - INFO - 捕获已停止，退出处理
2026-03-24 12:55:19 - capture - INFO - 捕获已停止，退出处理
2026-03-24 12:55:19 - capture - INFO - 捕获已停止，退出处理
2026-03-24 12:55:19 - capture - INFO - 捕获已停止，退出处理
2026-03-24 12:55:19 - capture - INFO - 捕获已停止，退出处理
2026-03-24 12:55:19 - capture - INFO - 捕获已停止，退出处理
2026-03-24 12:55:19 - capture - INFO - 捕获已停止，退出处理
2026-03-24 12:55:19 - capture - INFO - 捕获已停止，退出处理
2026-03-24 12:55:19 - capture - INFO - 捕获已停止，退出处理
2026-03-24 12:55:19 - capture - INFO - 捕获已停止，退出处理
2026-03-24 12:55:19 - capture - INFO - 捕获已停止，退出处理
2026-03-24 12:55:19 - capture - INFO - 捕获已停止，退出处理
2026-03-24 12:55:19 - capture - INFO - 捕获已停止，退出处理
2026-03-24 12:55:19 - capture - INFO - 捕获已停止，退出处理
2026-03-24 12:55:19 - capture - INFO - 捕获已停止，退出处理
2026-03-24 12:55:19 - capture - INFO - 捕获已停止，退出处理
2026-03-24 12:55:19 - capture - INFO - 捕获已停止，退出处理
2026-03-24 12:55:19 - capture - INFO - 捕获已停止，退出处理
2026-03-24 12:55:19 - capture - INFO - 捕获已停止，退出处理
2026-03-24 12:55:19 - capture - INFO - 捕获已停止，退出处理
2026-03-24 12:55:19 - capture - INFO - 捕获已停止，退出处理
2026-03-24 12:55:19 - capture - INFO - 捕获已停止，退出处理
2026-03-24 12:55:19 - capture - INFO - 捕获已停止，退出处理
2026-03-24 12:55:19 - capture - INFO - 捕获已停止，退出处理
2026-03-24 12:55:19 - capture - INFO - 捕获已停止，退出处理
2026-03-24 12:55:19 - capture - INFO - 捕获已停止，退出处理
2026-03-24 12:55:19 - capture - INFO - 捕获已停止，退出处理
2026-03-24 12:55:19 - capture - INFO - 捕获已停止，退出处理
2026-03-24 12:55:19 - capture - INFO - 捕获已停止，退出处理
2026-03-24 12:55:19 - capture - INFO - 捕获已停止，退出处理
2026-03-24 12:55:19 - capture - INFO - 捕获已停止，退出处理
2026-03-24 12:55:19 - capture - INFO - 捕获已停止，退出处理
2026-03-24 12:55:19 - capture - INFO - 捕获已停止，退出处理
2026-03-24 12:55:19 - capture - INFO - 捕获已停止，退出处理
2026-03-24 12:55:19 - capture - INFO - 捕获已停止，退出处理
2026-03-24 12:55:19 - capture - INFO - 捕获已停止，退出处理
2026-03-24 12:55:19 - capture - INFO - 捕获已停止，退出处理
2026-03-24 12:55:19 - capture - INFO - 捕获已停止，退出处理
2026-03-24 12:55:19 - capture - INFO - 捕获已停止，退出处理
2026-03-24 12:55:19 - capture - INFO - 捕获已停止，退出处理
2026-03-24 12:55:19 - capture - INFO - 捕获已停止，退出处理
2026-03-24 12:55:19 - capture - INFO - 捕获已停止，退出处理
2026-03-24 12:55:19 - capture - INFO - 捕获已停止，退出处理
2026-03-24 12:55:19 - capture - INFO - 捕获已停止，退出处理
2026-03-24 12:55:19 - capture - INFO - 捕获已停止，退出处理
2026-03-24 12:55:19 - capture - INFO - 捕获已停止，退出处理
2026-03-24 12:55:19 - capture - INFO - 捕获已停止，退出处理
2026-03-24 12:55:19 - capture - INFO - 捕获已停止，退出处理
2026-03-24 12:55:19 - capture - INFO - 捕获已停止，退出处理
2026-03-24 12:55:19 - capture - INFO - 捕获已停止，退出处理
2026-03-24 12:55:19 - capture - INFO - 捕获已停止，退出处理
2026-03-24 12:55:19 - capture - INFO - 捕获已停止，退出处理
2026-03-24 12:55:19 - capture - INFO - 捕获已停止，退出处理
2026-03-24 12:55:19 - capture - INFO - 捕获已停止，退出处理
2026-03-24 12:55:19 - capture - INFO - 捕获已停止，退出处理
2026-03-24 12:55:19 - capture - INFO - 捕获已停止，退出处理
2026-03-24 12:55:19 - capture - INFO - 捕获已停止，退出处理
2026-03-24 12:55:19 - capture - INFO - 捕获已停止，退出处理
2026-03-24 12:55:19 - capture - INFO - 捕获已停止，退出处理
2026-03-24 12:55:19 - capture - INFO - 捕获已停止，退出处理
2026-03-24 12:55:19 - capture - INFO - 捕获已停止，退出处理
2026-03-24 12:55:19 - capture - INFO - 捕获已停止，退出处理
2026-03-24 12:55:19 - capture - INFO - 捕获已停止，退出处理
2026-03-24 12:55:19 - capture - INFO - 捕获已停止，退出处理
2026-03-24 12:55:19 - capture - INFO - 捕获已停止，退出处理
2026-03-24 12:55:19 - capture - INFO - 捕获已停止，退出处理
2026-03-24 12:55:19 - capture - INFO - 捕获已停止，退出处理
2026-03-24 12:55:19 - capture - INFO - 捕获已停止，退出处理
2026-03-24 12:55:19 - capture - INFO - 捕获已停止，退出处理
2026-03-24 12:55:19 - capture - INFO - 捕获已停止，退出处理
2026-03-24 12:55:19 - capture - INFO - 捕获已停止，退出处理
2026-03-24 12:55:19 - capture - INFO - 捕获已停止，退出处理
2026-03-24 12:55:19 - capture - INFO - 捕获已停止，退出处理
2026-03-24 12:55:19 - capture - INFO - 捕获已停止，退出处理
2026-03-24 12:55:19 - capture - INFO - 捕获已停止，退出处理
2026-03-24 12:55:19 - capture - INFO - 捕获已停止，退出处理
2026-03-24 12:55:19 - capture - INFO - 捕获已停止，退出处理
2026-03-24 12:55:19 - capture - INFO - 捕获已停止，退出处理
2026-03-24 12:55:19 - capture - INFO - 捕获已停止，退出处理
2026-03-24 12:55:19 - capture - INFO - 捕获已停止，退出处理
2026-03-24 12:55:19 - capture - INFO - 捕获已停止，退出处理
2026-03-24 12:55:19 - capture - INFO - 捕获已停止，退出处理
2026-03-24 12:55:19 - capture - INFO - 捕获已停止，退出处理
2026-03-24 12:55:19 - capture - INFO - 捕获已停止，退出处理
2026-03-24 12:55:19 - capture - INFO - 捕获已停止，退出处理
2026-03-24 12:55:19 - capture - INFO - 捕获已停止，退出处理
2026-03-24 12:55:19 - capture - INFO - 捕获已停止，退出处理
2026-03-24 12:55:19 - capture - INFO - 捕获已停止，退出处理
2026-03-24 12:55:19 - capture - INFO - 捕获已停止，退出处理
2026-03-24 12:55:19 - capture - INFO - 捕获已停止，退出处理
2026-03-24 12:55:19 - capture - INFO - 捕获已停止，退出处理
2026-03-24 12:55:19 - capture - INFO - 捕获已停止，退出处理
2026-03-24 12:55:19 - capture - INFO - 捕获已停止，退出处理
2026-03-24 12:55:20 - capture - INFO - 捕获已停止，退出处理
2026-03-24 12:55:20 - capture - INFO - 捕获已停止，退出处理
2026-03-24 12:55:20 - capture - INFO - 捕获已停止，退出处理
2026-03-24 12:55:20 - capture - INFO - 捕获已停止，退出处理
2026-03-24 12:55:20 - capture - INFO - 捕获已停止，退出处理
2026-03-24 12:55:20 - capture - INFO - 捕获已停止，退出处理
2026-03-24 12:55:20 - capture - INFO - 捕获已停止，退出处理
2026-03-24 12:55:20 - capture - INFO - 捕获已停止，退出处理
2026-03-24 12:55:20 - capture - INFO - 捕获已停止，退出处理
2026-03-24 12:55:20 - capture - INFO - 捕获已停止，退出处理
2026-03-24 12:55:20 - capture - INFO - 捕获已停止，退出处理
2026-03-24 12:55:20 - capture - INFO - 捕获已停止，退出处理
2026-03-24 12:55:20 - capture - INFO - 捕获已停止，退出处理
2026-03-24 12:55:20 - capture - INFO - 捕获已停止，退出处理
2026-03-24 12:55:20 - capture - INFO - 捕获已停止，退出处理
2026-03-24 12:55:20 - capture - INFO - 捕获已停止，退出处理
2026-03-24 12:55:20 - capture - INFO - 捕获已停止，退出处理
2026-03-24 12:55:20 - capture - INFO - 捕获已停止，退出处理
2026-03-24 12:55:20 - capture - INFO - 捕获已停止，退出处理
2026-03-24 12:55:20 - capture - INFO - 捕获已停止，退出处理
2026-03-24 12:55:20 - capture - INFO - 捕获已停止，退出处理
2026-03-24 12:55:20 - capture - INFO - 捕获已停止，退出处理
2026-03-24 12:55:20 - capture - INFO - 捕获已停止，退出处理
2026-03-24 12:55:20 - capture - INFO - 捕获已停止，退出处理
2026-03-24 12:55:20 - capture - INFO - 捕获已停止，退出处理
2026-03-24 12:55:20 - capture - INFO - 捕获已停止，退出处理
2026-03-24 12:55:20 - capture - INFO - 捕获已停止，退出处理
2026-03-24 12:55:20 - capture - INFO - 捕获已停止，退出处理
2026-03-24 12:55:20 - capture - INFO - 捕获已停止，退出处理
2026-03-24 12:55:20 - capture - INFO - 捕获已停止，退出处理
2026-03-24 12:55:20 - capture - INFO - 捕获已停止，退出处理
2026-03-24 12:55:20 - capture - INFO - 捕获已停止，退出处理
2026-03-24 12:55:20 - capture - INFO - 捕获已停止，退出处理
2026-03-24 12:55:20 - capture - INFO - 捕获已停止，退出处理
2026-03-24 12:55:20 - capture - INFO - 捕获已停止，退出处理
2026-03-24 12:55:20 - capture - INFO - 捕获已停止，退出处理
2026-03-24 12:55:20 - capture - INFO - 捕获已停止，退出处理
2026-03-24 12:55:20 - capture - INFO - 捕获已停止，退出处理
2026-03-24 12:55:20 - capture - INFO - 捕获已停止，退出处理
2026-03-24 12:55:20 - capture - INFO - 捕获已停止，退出处理
2026-03-24 12:55:20 - capture - INFO - 捕获已停止，退出处理
2026-03-24 12:55:20 - capture - INFO - 捕获已停止，退出处理
2026-03-24 12:55:20 - capture - INFO - 捕获已停止，退出处理
2026-03-24 12:55:20 - capture - INFO - 捕获已停止，退出处理
2026-03-24 12:55:20 - capture - INFO - 捕获已停止，退出处理
2026-03-24 12:55:20 - capture - INFO - 捕获已停止，退出处理
2026-03-24 12:55:20 - capture - INFO - 捕获已停止，退出处理
2026-03-24 12:55:20 - capture - INFO - 捕获已停止，退出处理
2026-03-24 12:55:20 - capture - INFO - 捕获已停止，退出处理
2026-03-24 12:55:20 - capture - INFO - 捕获已停止，退出处理
2026-03-24 12:55:20 - capture - INFO - 捕获已停止，退出处理
2026-03-24 12:55:20 - capture - INFO - 捕获已停止，退出处理
2026-03-24 12:55:20 - capture - INFO - 捕获已停止，退出处理
2026-03-24 12:55:20 - capture - INFO - 捕获已停止，退出处理
2026-03-24 12:55:20 - capture - INFO - 捕获已停止，退出处理
2026-03-24 12:55:20 - capture - INFO - 捕获已停止
2026-03-24 12:55:20 - capture - INFO - 捕获已停止
2026-03-24 12:57:16 - capture - INFO - 开始捕获流量，网卡: 所有网卡
2026-03-24 12:57:16 - capture - INFO - 更新间隔: 1秒
2026-03-24 12:57:17 - capture - INFO - 定期处理 8 个已完成的流量
2026-03-24 12:57:18 - capture - INFO - 定期处理 24 个已完成的流量
2026-03-24 12:57:19 - capture - INFO - 定期处理 87 个已完成的流量
2026-03-24 12:57:20 - capture - INFO - 定期处理 76 个已完成的流量
2026-03-24 12:57:21 - capture - INFO - 定期处理 61 个已完成的流量
2026-03-24 12:57:22 - capture - INFO - 定期处理 38 个已完成的流量
2026-03-24 12:57:23 - capture - INFO - 定期处理 40 个已完成的流量
2026-03-24 12:57:23 - capture - INFO - 尝试停止捕获...
2026-03-24 12:57:23 - capture - INFO - 等待捕获线程结束...
2026-03-24 12:57:23 - capture - INFO - 捕获已停止，退出处理
2026-03-24 12:57:23 - capture - INFO - 捕获已停止，退出处理
2026-03-24 12:57:23 - capture - INFO - 捕获已停止，退出处理
2026-03-24 12:57:23 - capture - INFO - 捕获已停止，退出处理
2026-03-24 12:57:23 - capture - INFO - 捕获已停止，退出处理
2026-03-24 12:57:23 - capture - INFO - 捕获已停止，退出处理
2026-03-24 12:57:23 - capture - INFO - 捕获已停止，退出处理
2026-03-24 12:57:23 - capture - INFO - 捕获已停止，退出处理
2026-03-24 12:57:23 - capture - INFO - 捕获已停止，退出处理
2026-03-24 12:57:23 - capture - INFO - 捕获已停止，退出处理
2026-03-24 12:57:23 - capture - INFO - 捕获已停止，退出处理
2026-03-24 12:57:23 - capture - INFO - 捕获已停止，退出处理
2026-03-24 12:57:23 - capture - INFO - 捕获已停止，退出处理
2026-03-24 12:57:23 - capture - INFO - 捕获已停止，退出处理
2026-03-24 12:57:23 - capture - INFO - 捕获已停止，退出处理
2026-03-24 12:57:23 - capture - INFO - 捕获已停止，退出处理
2026-03-24 12:57:23 - capture - INFO - 捕获已停止，退出处理
2026-03-24 12:57:23 - capture - INFO - 捕获已停止，退出处理
2026-03-24 12:57:23 - capture - INFO - 捕获已停止，退出处理
2026-03-24 12:57:23 - capture - INFO - 捕获已停止，退出处理
2026-03-24 12:57:23 - capture - INFO - 捕获已停止，退出处理
2026-03-24 12:57:23 - capture - INFO - 捕获已停止，退出处理
2026-03-24 12:57:23 - capture - INFO - 捕获已停止，退出处理
2026-03-24 12:57:23 - capture - INFO - 捕获已停止，退出处理
2026-03-24 12:57:23 - capture - INFO - 捕获已停止，退出处理
2026-03-24 12:57:23 - capture - INFO - 捕获已停止，退出处理
2026-03-24 12:57:23 - capture - INFO - 捕获已停止，退出处理
2026-03-24 12:57:23 - capture - INFO - 捕获已停止，退出处理
2026-03-24 12:57:23 - capture - INFO - 捕获已停止，退出处理
2026-03-24 12:57:23 - capture - INFO - 捕获已停止，退出处理
2026-03-24 12:57:23 - capture - INFO - 捕获已停止，退出处理
2026-03-24 12:57:23 - capture - INFO - 捕获已停止，退出处理
2026-03-24 12:57:23 - capture - INFO - 捕获已停止，退出处理
2026-03-24 12:57:23 - capture - INFO - 捕获已停止，退出处理
2026-03-24 12:57:23 - capture - INFO - 捕获已停止，退出处理
2026-03-24 12:57:23 - capture - INFO - 捕获已停止，退出处理
2026-03-24 12:57:23 - capture - INFO - 捕获已停止，退出处理
2026-03-24 12:57:23 - capture - INFO - 捕获已停止，退出处理
2026-03-24 12:57:23 - capture - INFO - 捕获已停止，退出处理
2026-03-24 12:57:23 - capture - INFO - 捕获已停止，退出处理
2026-03-24 12:57:23 - capture - INFO - 捕获已停止，退出处理
2026-03-24 12:57:23 - capture - INFO - 捕获已停止，退出处理
2026-03-24 12:57:23 - capture - INFO - 捕获已停止，退出处理
2026-03-24 12:57:23 - capture - INFO - 捕获已停止，退出处理
2026-03-24 12:57:23 - capture - INFO - 捕获已停止，退出处理
2026-03-24 12:57:23 - capture - INFO - 捕获已停止，退出处理
2026-03-24 12:57:23 - capture - INFO - 捕获已停止，退出处理
2026-03-24 12:57:23 - capture - INFO - 捕获已停止，退出处理
2026-03-24 12:57:23 - capture - INFO - 捕获已停止，退出处理
2026-03-24 12:57:23 - capture - INFO - 捕获已停止，退出处理
2026-03-24 12:57:23 - capture - INFO - 捕获已停止，退出处理
2026-03-24 12:57:23 - capture - INFO - 捕获已停止，退出处理
2026-03-24 12:57:23 - capture - INFO - 捕获已停止，退出处理
2026-03-24 12:57:23 - capture - INFO - 捕获已停止，退出处理
2026-03-24 12:57:23 - capture - INFO - 捕获已停止，退出处理
2026-03-24 12:57:23 - capture - INFO - 捕获已停止，退出处理
2026-03-24 12:57:23 - capture - INFO - 捕获已停止，退出处理
2026-03-24 12:57:24 - capture - INFO - 捕获已停止，退出处理
2026-03-24 12:57:24 - capture - INFO - 捕获已停止，退出处理
2026-03-24 12:57:24 - capture - INFO - 捕获已停止，退出处理
2026-03-24 12:57:24 - capture - INFO - 捕获已停止，退出处理
2026-03-24 12:57:24 - capture - INFO - 捕获已停止，退出处理
2026-03-24 12:57:24 - capture - INFO - 捕获已停止，退出处理
2026-03-24 12:57:24 - capture - INFO - 捕获已停止，退出处理
2026-03-24 12:57:24 - capture - INFO - 捕获已停止，退出处理
2026-03-24 12:57:24 - capture - INFO - 捕获已停止，退出处理
2026-03-24 12:57:24 - capture - INFO - 捕获已停止，退出处理
2026-03-24 12:57:24 - capture - INFO - 捕获已停止，退出处理
2026-03-24 12:57:24 - capture - INFO - 捕获已停止，退出处理
2026-03-24 12:57:24 - capture - INFO - 捕获已停止，退出处理
2026-03-24 12:57:24 - capture - INFO - 捕获已停止，退出处理
2026-03-24 12:57:24 - capture - INFO - 捕获已停止，退出处理
2026-03-24 12:57:24 - capture - INFO - 捕获已停止，退出处理
2026-03-24 12:57:24 - capture - INFO - 捕获已停止，退出处理
2026-03-24 12:57:24 - capture - INFO - 捕获已停止，退出处理
2026-03-24 12:57:24 - capture - INFO - 捕获已停止，退出处理
2026-03-24 12:57:24 - capture - INFO - 捕获已停止，退出处理
2026-03-24 12:57:24 - capture - INFO - 捕获已停止，退出处理
2026-03-24 12:57:24 - capture - INFO - 捕获已停止，退出处理
2026-03-24 12:57:24 - capture - INFO - 捕获已停止，退出处理
2026-03-24 12:57:24 - capture - INFO - 捕获已停止，退出处理
2026-03-24 12:57:24 - capture - INFO - 捕获已停止，退出处理
2026-03-24 12:57:24 - capture - INFO - 捕获已停止，退出处理
2026-03-24 12:57:24 - capture - INFO - 捕获已停止，退出处理
2026-03-24 12:57:24 - capture - INFO - 捕获已停止，退出处理
2026-03-24 12:57:24 - capture - INFO - 捕获已停止，退出处理
2026-03-24 12:57:24 - capture - INFO - 捕获已停止，退出处理
2026-03-24 12:57:24 - capture - INFO - 捕获已停止，退出处理
2026-03-24 12:57:24 - capture - INFO - 捕获已停止，退出处理
2026-03-24 12:57:24 - capture - INFO - 捕获已停止，退出处理
2026-03-24 12:57:24 - capture - INFO - 捕获已停止，退出处理
2026-03-24 12:57:24 - capture - INFO - 捕获已停止，退出处理
2026-03-24 12:57:24 - capture - INFO - 捕获已停止，退出处理
2026-03-24 12:57:24 - capture - INFO - 捕获已停止，退出处理
2026-03-24 12:57:24 - capture - INFO - 捕获已停止，退出处理
2026-03-24 12:57:24 - capture - INFO - 捕获已停止，退出处理
2026-03-24 12:57:24 - capture - INFO - 捕获已停止，退出处理
2026-03-24 12:57:24 - capture - INFO - 捕获已停止，退出处理
2026-03-24 12:57:24 - capture - INFO - 捕获已停止，退出处理
2026-03-24 12:57:24 - capture - INFO - 捕获已停止，退出处理
2026-03-24 12:57:24 - capture - INFO - 捕获已停止，退出处理
2026-03-24 12:57:24 - capture - INFO - 捕获已停止，退出处理
2026-03-24 12:57:24 - capture - INFO - 捕获已停止，退出处理
2026-03-24 12:57:24 - capture - INFO - 捕获已停止
2026-03-24 12:57:24 - capture - INFO - 捕获已停止
2026-03-24 12:57:51 - capture - INFO - 开始捕获流量，网卡: 所有网卡
2026-03-24 12:57:51 - capture - INFO - 更新间隔: 1秒
2026-03-24 12:57:53 - capture - INFO - 定期处理 314 个已完成的流量
2026-03-24 12:57:54 - capture - INFO - 定期处理 182 个已完成的流量
2026-03-24 12:57:55 - capture - INFO - 定期处理 59 个已完成的流量
2026-03-24 12:57:56 - capture - INFO - 定期处理 53 个已完成的流量
2026-03-24 12:57:57 - capture - INFO - 定期处理 22 个已完成的流量
2026-03-24 12:57:58 - capture - INFO - 定期处理 35 个已完成的流量
2026-03-24 12:57:59 - capture - INFO - 定期处理 14 个已完成的流量
2026-03-24 12:58:00 - capture - INFO - 定期处理 30 个已完成的流量
2026-03-24 12:58:01 - capture - INFO - 定期处理 21 个已完成的流量
2026-03-24 12:58:02 - capture - INFO - 定期处理 18 个已完成的流量
2026-03-24 12:58:03 - capture - INFO - 定期处理 40 个已完成的流量
2026-03-24 12:58:04 - capture - INFO - 定期处理 6 个已完成的流量
2026-03-24 12:58:04 - capture - INFO - 尝试停止捕获...
2026-03-24 12:58:04 - capture - INFO - 等待捕获线程结束...
2026-03-24 12:58:04 - capture - INFO - 捕获已停止，退出处理
2026-03-24 12:58:05 - capture - INFO - 捕获已停止，退出处理
2026-03-24 12:58:05 - capture - INFO - 捕获已停止，退出处理
2026-03-24 12:58:05 - capture - INFO - 捕获已停止，退出处理
2026-03-24 12:58:05 - capture - INFO - 捕获已停止，退出处理
2026-03-24 12:58:05 - capture - INFO - 捕获已停止，退出处理
2026-03-24 12:58:05 - capture - INFO - 捕获已停止，退出处理
2026-03-24 12:58:05 - capture - INFO - 捕获已停止，退出处理
2026-03-24 12:58:05 - capture - INFO - 捕获已停止，退出处理
2026-03-24 12:58:05 - capture - INFO - 捕获已停止，退出处理
2026-03-24 12:58:05 - capture - INFO - 捕获已停止，退出处理
2026-03-24 12:58:05 - capture - INFO - 捕获已停止，退出处理
2026-03-24 12:58:05 - capture - INFO - 捕获已停止，退出处理
2026-03-24 12:58:05 - capture - INFO - 捕获已停止，退出处理
2026-03-24 12:58:05 - capture - INFO - 捕获已停止
2026-03-24 12:58:05 - capture - INFO - 捕获已停止
2026-03-24 12:59:00 - capture - INFO - 开始捕获流量，网卡: 所有网卡
2026-03-24 12:59:00 - capture - INFO - 更新间隔: 1秒
2026-03-24 12:59:01 - capture - INFO - 定期处理 2 个已完成的流量
2026-03-24 12:59:02 - capture - INFO - 定期处理 24 个已完成的流量
2026-03-24 12:59:03 - capture - INFO - 定期处理 72 个已完成的流量
2026-03-24 12:59:04 - capture - INFO - 定期处理 67 个已完成的流量
2026-03-24 12:59:05 - capture - INFO - 定期处理 19 个已完成的流量
2026-03-24 12:59:06 - capture - INFO - 定期处理 89 个已完成的流量
2026-03-24 12:59:07 - capture - INFO - 定期处理 88 个已完成的流量
2026-03-24 12:59:08 - capture - INFO - 定期处理 95 个已完成的流量
2026-03-24 12:59:09 - capture - INFO - 定期处理 75 个已完成的流量
2026-03-24 12:59:10 - capture - INFO - 定期处理 71 个已完成的流量
2026-03-24 12:59:11 - capture - INFO - 定期处理 58 个已完成的流量
2026-03-24 12:59:12 - capture - INFO - 定期处理 38 个已完成的流量
2026-03-24 12:59:12 - capture - INFO - 尝试停止捕获...
2026-03-24 12:59:12 - capture - INFO - 等待捕获线程结束...
2026-03-24 12:59:13 - capture - INFO - 捕获已停止，退出处理
2026-03-24 12:59:13 - capture - INFO - 捕获已停止
2026-03-24 12:59:13 - capture - INFO - 捕获已停止
