2026-03-24 12:55:09 - strategy - INFO - [策略跳过] 攻击类型: BENIGN, 威胁级别: none
2026-03-24 12:55:09 - strategy - INFO - [策略跳过] 攻击类型: BENIGN, 威胁级别: none
2026-03-24 12:55:09 - strategy - INFO - [策略跳过] 攻击类型: BENIGN, 威胁级别: none
2026-03-24 12:55:09 - strategy - INFO - [策略跳过] 攻击类型: BENIGN, 威胁级别: none
2026-03-24 12:55:09 - strategy - INFO - [策略跳过] 攻击类型: BENIGN, 威胁级别: none
2026-03-24 12:55:09 - strategy - INFO - [策略跳过] 攻击类型: BENIGN, 威胁级别: none
2026-03-24 12:55:09 - strategy - INFO - [策略跳过] 攻击类型: BENIGN, 威胁级别: none
2026-03-24 12:55:09 - strategy - INFO - [策略跳过] 攻击类型: BENIGN, 威胁级别: none
2026-03-24 12:55:10 - strategy - INFO - [策略跳过] 攻击类型: BENIGN, 威胁级别: none
2026-03-24 12:55:10 - strategy - INFO - [策略跳过] 攻击类型: BENIGN, 威胁级别: none
2026-03-24 12:55:10 - strategy - INFO - [策略跳过] 攻击类型: BENIGN, 威胁级别: none
2026-03-24 12:55:10 - strategy - INFO - [策略跳过] 攻击类型: BENIGN, 威胁级别: none
2026-03-24 12:55:10 - strategy - INFO - [策略跳过] 攻击类型: BENIGN, 威胁级别: none
2026-03-24 12:55:10 - strategy - INFO - [策略跳过] 攻击类型: BENIGN, 威胁级别: none
2026-03-24 12:55:10 - strategy - INFO - [策略跳过] 攻击类型: BENIGN, 威胁级别: none
2026-03-24 12:55:10 - strategy - INFO - [策略跳过] 攻击类型: BENIGN, 威胁级别: none
2026-03-24 12:55:10 - strategy - INFO - [策略跳过] 攻击类型: BENIGN, 威胁级别: none
2026-03-24 12:55:11 - strategy - INFO - [策略跳过] 攻击类型: BENIGN, 威胁级别: none
2026-03-24 12:55:11 - strategy - INFO - [策略跳过] 攻击类型: BENIGN, 威胁级别: none
2026-03-24 12:55:11 - strategy - INFO - [策略跳过] 攻击类型: BENIGN, 威胁级别: none
2026-03-24 12:55:12 - strategy - INFO - [策略跳过] 攻击类型: BENIGN, 威胁级别: none
2026-03-24 12:55:12 - strategy - INFO - [策略跳过] 攻击类型: BENIGN, 威胁级别: none
2026-03-24 12:55:12 - strategy - INFO - [策略跳过] 攻击类型: BENIGN, 威胁级别: none
2026-03-24 12:55:12 - strategy - INFO - [策略跳过] 攻击类型: BENIGN, 威胁级别: none
2026-03-24 12:55:13 - strategy - INFO - [策略跳过] 攻击类型: BENIGN, 威胁级别: none
2026-03-24 12:55:13 - strategy - INFO - [策略跳过] 攻击类型: BENIGN, 威胁级别: none
2026-03-24 12:55:13 - strategy - INFO - [策略跳过] 攻击类型: BENIGN, 威胁级别: none
2026-03-24 12:55:13 - strategy - INFO - [策略跳过] 攻击类型: BENIGN, 威胁级别: none
2026-03-24 12:55:13 - strategy - INFO - [策略跳过] 攻击类型: BENIGN, 威胁级别: none
2026-03-24 12:55:13 - strategy - INFO - [策略跳过] 攻击类型: BENIGN, 威胁级别: none
2026-03-24 12:55:13 - strategy - INFO - [策略跳过] 攻击类型: BENIGN, 威胁级别: none
2026-03-24 12:55:13 - strategy - INFO - [策略跳过] 攻击类型: BENIGN, 威胁级别: none
2026-03-24 12:55:13 - strategy - INFO - [策略跳过] 攻击类型: BENIGN, 威胁级别: none
2026-03-24 12:55:13 - strategy - INFO - [策略跳过] 攻击类型: BENIGN, 威胁级别: none
2026-03-24 12:55:14 - strategy - INFO - [策略跳过] 攻击类型: BENIGN, 威胁级别: none
2026-03-24 12:55:14 - strategy - INFO - [策略跳过] 攻击类型: BENIGN, 威胁级别: none
2026-03-24 12:55:14 - strategy - INFO - [策略跳过] 攻击类型: BENIGN, 威胁级别: none
2026-03-24 12:55:14 - strategy - INFO - [策略跳过] 攻击类型: BENIGN, 威胁级别: none
2026-03-24 12:55:14 - strategy - INFO - [策略跳过] 攻击类型: BENIGN, 威胁级别: none
2026-03-24 12:55:14 - strategy - INFO - [策略跳过] 攻击类型: BENIGN, 威胁级别: none
2026-03-24 12:55:14 - strategy - INFO - [策略跳过] 攻击类型: BENIGN, 威胁级别: none
2026-03-24 12:55:15 - strategy - INFO - [策略跳过] 攻击类型: BENIGN, 威胁级别: none
2026-03-24 12:55:15 - strategy - INFO - [策略跳过] 攻击类型: BENIGN, 威胁级别: none
2026-03-24 12:55:16 - strategy - INFO - [策略跳过] 攻击类型: BENIGN, 威胁级别: none
2026-03-24 12:55:16 - strategy - INFO - [策略跳过] 攻击类型: BENIGN, 威胁级别: none
2026-03-24 12:55:16 - strategy - INFO - [策略跳过] 攻击类型: BENIGN, 威胁级别: none
2026-03-24 12:55:16 - strategy - INFO - [策略跳过] 攻击类型: BENIGN, 威胁级别: none
2026-03-24 12:55:16 - strategy - INFO - [策略匹配] 尝试匹配策略 - 攻击类型: Infiltration, 威胁级别: high, 源IP: 172.31.62.184
2026-03-24 12:55:16 - strategy - INFO - [策略匹配] 未找到匹配策略 (攻击类型: Infiltration, 威胁级别: high)
2026-03-24 12:55:17 - strategy - INFO - [策略跳过] 攻击类型: BENIGN, 威胁级别: none
2026-03-24 12:55:17 - strategy - INFO - [策略跳过] 攻击类型: BENIGN, 威胁级别: none
2026-03-24 12:55:17 - strategy - INFO - [策略跳过] 攻击类型: BENIGN, 威胁级别: none
2026-03-24 12:55:18 - strategy - INFO - [策略跳过] 攻击类型: BENIGN, 威胁级别: none
2026-03-24 12:55:18 - strategy - INFO - [策略跳过] 攻击类型: BENIGN, 威胁级别: none
2026-03-24 12:55:19 - strategy - INFO - [策略跳过] 攻击类型: BENIGN, 威胁级别: none
2026-03-24 12:55:19 - strategy - INFO - [策略跳过] 攻击类型: BENIGN, 威胁级别: none
2026-03-24 12:55:19 - strategy - INFO - [策略跳过] 攻击类型: BENIGN, 威胁级别: none
2026-03-24 12:55:19 - strategy - INFO - [策略跳过] 攻击类型: BENIGN, 威胁级别: none
2026-03-24 12:55:19 - strategy - INFO - [策略跳过] 攻击类型: BENIGN, 威胁级别: none
2026-03-24 12:55:20 - strategy - INFO - [策略跳过] 攻击类型: BENIGN, 威胁级别: none
2026-03-24 12:55:20 - strategy - INFO - [策略跳过] 攻击类型: BENIGN, 威胁级别: none
2026-03-24 12:55:20 - strategy - INFO - [策略跳过] 攻击类型: BENIGN, 威胁级别: none
2026-03-24 12:55:20 - strategy - INFO - [策略跳过] 攻击类型: BENIGN, 威胁级别: none
2026-03-24 12:55:20 - strategy - INFO - [策略跳过] 攻击类型: BENIGN, 威胁级别: none
2026-03-24 12:55:20 - strategy - INFO - [策略跳过] 攻击类型: BENIGN, 威胁级别: none
2026-03-24 12:55:20 - strategy - INFO - [策略跳过] 攻击类型: BENIGN, 威胁级别: none
2026-03-24 12:55:20 - strategy - INFO - [策略跳过] 攻击类型: BENIGN, 威胁级别: none
2026-03-24 12:55:20 - strategy - INFO - [策略跳过] 攻击类型: BENIGN, 威胁级别: none
2026-03-24 12:55:20 - strategy - INFO - [策略跳过] 攻击类型: BENIGN, 威胁级别: none
2026-03-24 12:55:20 - strategy - INFO - [策略跳过] 攻击类型: BENIGN, 威胁级别: none
2026-03-24 12:55:20 - strategy - INFO - [策略跳过] 攻击类型: BENIGN, 威胁级别: none
2026-03-24 12:55:20 - strategy - INFO - [策略跳过] 攻击类型: BENIGN, 威胁级别: none
2026-03-24 12:55:20 - strategy - INFO - [策略跳过] 攻击类型: BENIGN, 威胁级别: none
2026-03-24 12:55:20 - strategy - INFO - [策略跳过] 攻击类型: BENIGN, 威胁级别: none
2026-03-24 12:55:20 - strategy - INFO - [策略跳过] 攻击类型: BENIGN, 威胁级别: none
2026-03-24 12:55:20 - strategy - INFO - [策略跳过] 攻击类型: BENIGN, 威胁级别: none
2026-03-24 12:55:20 - strategy - INFO - [策略跳过] 攻击类型: BENIGN, 威胁级别: none
2026-03-24 12:55:21 - strategy - INFO - [策略跳过] 攻击类型: BENIGN, 威胁级别: none
2026-03-24 12:55:21 - strategy - INFO - [策略跳过] 攻击类型: BENIGN, 威胁级别: none
2026-03-24 12:55:21 - strategy - INFO - [策略跳过] 攻击类型: BENIGN, 威胁级别: none
2026-03-24 12:55:21 - strategy - INFO - [策略跳过] 攻击类型: BENIGN, 威胁级别: none
2026-03-24 12:55:21 - strategy - INFO - [策略跳过] 攻击类型: BENIGN, 威胁级别: none
2026-03-24 12:55:21 - strategy - INFO - [策略跳过] 攻击类型: BENIGN, 威胁级别: none
2026-03-24 12:55:21 - strategy - INFO - [策略跳过] 攻击类型: BENIGN, 威胁级别: none
2026-03-24 12:55:21 - strategy - INFO - [策略跳过] 攻击类型: BENIGN, 威胁级别: none
2026-03-24 12:55:21 - strategy - INFO - [策略跳过] 攻击类型: BENIGN, 威胁级别: none
2026-03-24 12:55:21 - strategy - INFO - [策略跳过] 攻击类型: BENIGN, 威胁级别: none
2026-03-24 12:55:21 - strategy - INFO - [策略跳过] 攻击类型: BENIGN, 威胁级别: none
2026-03-24 12:55:21 - strategy - INFO - [策略跳过] 攻击类型: BENIGN, 威胁级别: none
2026-03-24 12:55:21 - strategy - INFO - [策略跳过] 攻击类型: BENIGN, 威胁级别: none
2026-03-24 12:55:21 - strategy - INFO - [策略跳过] 攻击类型: BENIGN, 威胁级别: none
2026-03-24 12:55:21 - strategy - INFO - [策略跳过] 攻击类型: BENIGN, 威胁级别: none
2026-03-24 12:55:22 - strategy - INFO - [策略跳过] 攻击类型: BENIGN, 威胁级别: none
2026-03-24 12:55:22 - strategy - INFO - [策略跳过] 攻击类型: BENIGN, 威胁级别: none
2026-03-24 12:55:22 - strategy - INFO - [策略跳过] 攻击类型: BENIGN, 威胁级别: none
2026-03-24 12:55:22 - strategy - INFO - [策略匹配] 尝试匹配策略 - 攻击类型: Infiltration, 威胁级别: high, 源IP: 172.31.63.93
2026-03-24 12:55:22 - strategy - INFO - [策略匹配] 未找到匹配策略 (攻击类型: Infiltration, 威胁级别: high)
2026-03-24 12:55:22 - strategy - INFO - [策略跳过] 攻击类型: BENIGN, 威胁级别: none
2026-03-24 12:55:22 - strategy - INFO - [策略跳过] 攻击类型: BENIGN, 威胁级别: none
2026-03-24 12:55:22 - strategy - INFO - [策略匹配] 尝试匹配策略 - 攻击类型: Infiltration, 威胁级别: high, 源IP: 172.31.62.184
2026-03-24 12:55:22 - strategy - INFO - [策略匹配] 未找到匹配策略 (攻击类型: Infiltration, 威胁级别: high)
2026-03-24 12:55:22 - strategy - INFO - [策略跳过] 攻击类型: BENIGN, 威胁级别: none
2026-03-24 12:55:22 - strategy - INFO - [策略跳过] 攻击类型: BENIGN, 威胁级别: none
2026-03-24 12:55:22 - strategy - INFO - [策略跳过] 攻击类型: BENIGN, 威胁级别: none
2026-03-24 12:55:22 - strategy - INFO - [策略跳过] 攻击类型: BENIGN, 威胁级别: none
2026-03-24 12:55:22 - strategy - INFO - [策略跳过] 攻击类型: BENIGN, 威胁级别: none
2026-03-24 12:55:22 - strategy - INFO - [策略跳过] 攻击类型: BENIGN, 威胁级别: none
2026-03-24 12:55:22 - strategy - INFO - [策略跳过] 攻击类型: BENIGN, 威胁级别: none
2026-03-24 12:55:22 - strategy - INFO - [策略跳过] 攻击类型: BENIGN, 威胁级别: none
2026-03-24 12:55:23 - strategy - INFO - [策略跳过] 攻击类型: BENIGN, 威胁级别: none
2026-03-24 12:55:23 - strategy - INFO - [策略跳过] 攻击类型: BENIGN, 威胁级别: none
2026-03-24 12:55:23 - strategy - INFO - [策略跳过] 攻击类型: BENIGN, 威胁级别: none
2026-03-24 12:55:23 - strategy - INFO - [策略跳过] 攻击类型: BENIGN, 威胁级别: none
2026-03-24 12:55:23 - strategy - INFO - [策略跳过] 攻击类型: BENIGN, 威胁级别: none
2026-03-24 12:55:23 - strategy - INFO - [策略跳过] 攻击类型: BENIGN, 威胁级别: none
2026-03-24 12:55:23 - strategy - INFO - [策略跳过] 攻击类型: BENIGN, 威胁级别: none
2026-03-24 12:55:23 - strategy - INFO - [策略跳过] 攻击类型: BENIGN, 威胁级别: none
2026-03-24 12:55:23 - strategy - INFO - [策略跳过] 攻击类型: BENIGN, 威胁级别: none
2026-03-24 12:55:23 - strategy - INFO - [策略跳过] 攻击类型: BENIGN, 威胁级别: none
2026-03-24 12:55:23 - strategy - INFO - [策略跳过] 攻击类型: BENIGN, 威胁级别: none
2026-03-24 12:55:23 - strategy - INFO - [策略跳过] 攻击类型: BENIGN, 威胁级别: none
2026-03-24 12:55:23 - strategy - INFO - [策略跳过] 攻击类型: BENIGN, 威胁级别: none
2026-03-24 12:55:23 - strategy - INFO - [策略跳过] 攻击类型: BENIGN, 威胁级别: none
2026-03-24 12:55:23 - strategy - INFO - [策略跳过] 攻击类型: BENIGN, 威胁级别: none
2026-03-24 12:55:23 - strategy - INFO - [策略跳过] 攻击类型: BENIGN, 威胁级别: none
2026-03-24 12:55:23 - strategy - INFO - [策略跳过] 攻击类型: BENIGN, 威胁级别: none
2026-03-24 12:55:23 - strategy - INFO - [策略跳过] 攻击类型: BENIGN, 威胁级别: none
2026-03-24 12:55:23 - strategy - INFO - [策略跳过] 攻击类型: BENIGN, 威胁级别: none
2026-03-24 12:55:23 - strategy - INFO - [策略跳过] 攻击类型: BENIGN, 威胁级别: none
2026-03-24 12:55:23 - strategy - INFO - [策略跳过] 攻击类型: BENIGN, 威胁级别: none
2026-03-24 12:55:23 - strategy - INFO - [策略跳过] 攻击类型: BENIGN, 威胁级别: none
2026-03-24 12:55:23 - strategy - INFO - [策略跳过] 攻击类型: BENIGN, 威胁级别: none
2026-03-24 12:55:23 - strategy - INFO - [策略跳过] 攻击类型: BENIGN, 威胁级别: none
2026-03-24 12:55:23 - strategy - INFO - [策略跳过] 攻击类型: BENIGN, 威胁级别: none
2026-03-24 12:55:24 - strategy - INFO - [策略跳过] 攻击类型: BENIGN, 威胁级别: none
2026-03-24 12:55:24 - strategy - INFO - [策略跳过] 攻击类型: BENIGN, 威胁级别: none
2026-03-24 12:55:24 - strategy - INFO - [策略跳过] 攻击类型: BENIGN, 威胁级别: none
2026-03-24 12:55:24 - strategy - INFO - [策略跳过] 攻击类型: BENIGN, 威胁级别: none
2026-03-24 12:55:24 - strategy - INFO - [策略跳过] 攻击类型: BENIGN, 威胁级别: none
2026-03-24 12:55:24 - strategy - INFO - [策略跳过] 攻击类型: BENIGN, 威胁级别: none
2026-03-24 12:55:24 - strategy - INFO - [策略跳过] 攻击类型: BENIGN, 威胁级别: none
2026-03-24 12:55:24 - strategy - INFO - [策略跳过] 攻击类型: BENIGN, 威胁级别: none
2026-03-24 12:55:24 - strategy - INFO - [策略跳过] 攻击类型: BENIGN, 威胁级别: none
2026-03-24 12:55:24 - strategy - INFO - [策略跳过] 攻击类型: BENIGN, 威胁级别: none
2026-03-24 12:55:24 - strategy - INFO - [策略跳过] 攻击类型: BENIGN, 威胁级别: none
2026-03-24 12:55:24 - strategy - INFO - [策略跳过] 攻击类型: BENIGN, 威胁级别: none
2026-03-24 12:55:24 - strategy - INFO - [策略跳过] 攻击类型: BENIGN, 威胁级别: none
2026-03-24 12:55:24 - strategy - INFO - [策略跳过] 攻击类型: BENIGN, 威胁级别: none
2026-03-24 12:55:24 - strategy - INFO - [策略跳过] 攻击类型: BENIGN, 威胁级别: none
2026-03-24 12:55:24 - strategy - INFO - [策略跳过] 攻击类型: BENIGN, 威胁级别: none
2026-03-24 12:55:24 - strategy - INFO - [策略跳过] 攻击类型: BENIGN, 威胁级别: none
2026-03-24 12:55:24 - strategy - INFO - [策略跳过] 攻击类型: BENIGN, 威胁级别: none
2026-03-24 12:55:24 - strategy - INFO - [策略跳过] 攻击类型: BENIGN, 威胁级别: none
2026-03-24 12:55:24 - strategy - INFO - [策略跳过] 攻击类型: BENIGN, 威胁级别: none
2026-03-24 12:55:24 - strategy - INFO - [策略跳过] 攻击类型: BENIGN, 威胁级别: none
2026-03-24 12:56:30 - strategy - INFO - [策略取消] 成功取消策略: 自适应策略: 低风险攻击告警, 攻击类型: all, 威胁级别: low, 动作: 封禁1h, 目标IP: 110.249.194.71
2026-03-24 12:56:32 - strategy - INFO - [策略取消] 成功取消策略: 自适应策略: 高风险攻击自动封禁, 攻击类型: all, 威胁级别: high, 动作: 封禁1h, 目标IP: 111.48.210.242
2026-03-24 12:56:36 - strategy - INFO - [策略取消] 成功取消策略: 自适应策略: 高风险攻击自动封禁, 攻击类型: all, 威胁级别: high, 动作: 封禁1h, 目标IP: 10.174.255.168
2026-03-24 12:57:17 - strategy - INFO - [策略跳过] 攻击类型: BENIGN, 威胁级别: none
2026-03-24 12:57:17 - strategy - INFO - [策略跳过] 攻击类型: BENIGN, 威胁级别: none
2026-03-24 12:57:17 - strategy - INFO - [策略跳过] 攻击类型: BENIGN, 威胁级别: none
2026-03-24 12:57:17 - strategy - INFO - [策略跳过] 攻击类型: BENIGN, 威胁级别: none
2026-03-24 12:57:17 - strategy - INFO - [策略跳过] 攻击类型: BENIGN, 威胁级别: none
2026-03-24 12:57:18 - strategy - INFO - [策略跳过] 攻击类型: BENIGN, 威胁级别: none
2026-03-24 12:57:18 - strategy - INFO - [策略跳过] 攻击类型: BENIGN, 威胁级别: none
2026-03-24 12:57:18 - strategy - INFO - [策略跳过] 攻击类型: BENIGN, 威胁级别: none
2026-03-24 12:57:18 - strategy - INFO - [策略跳过] 攻击类型: BENIGN, 威胁级别: none
2026-03-24 12:57:18 - strategy - INFO - [策略跳过] 攻击类型: BENIGN, 威胁级别: none
2026-03-24 12:57:18 - strategy - INFO - [策略跳过] 攻击类型: BENIGN, 威胁级别: none
2026-03-24 12:57:18 - strategy - INFO - [策略跳过] 攻击类型: BENIGN, 威胁级别: none
2026-03-24 12:57:18 - strategy - INFO - [策略跳过] 攻击类型: BENIGN, 威胁级别: none
2026-03-24 12:57:18 - strategy - INFO - [策略跳过] 攻击类型: BENIGN, 威胁级别: none
2026-03-24 12:57:19 - strategy - INFO - [策略跳过] 攻击类型: BENIGN, 威胁级别: none
2026-03-24 12:57:19 - strategy - INFO - [策略跳过] 攻击类型: BENIGN, 威胁级别: none
2026-03-24 12:57:19 - strategy - INFO - [策略跳过] 攻击类型: BENIGN, 威胁级别: none
2026-03-24 12:57:19 - strategy - INFO - [策略跳过] 攻击类型: BENIGN, 威胁级别: none
2026-03-24 12:57:19 - strategy - INFO - [策略跳过] 攻击类型: BENIGN, 威胁级别: none
2026-03-24 12:57:19 - strategy - INFO - [策略跳过] 攻击类型: BENIGN, 威胁级别: none
2026-03-24 12:57:20 - strategy - INFO - [策略跳过] 攻击类型: BENIGN, 威胁级别: none
2026-03-24 12:57:20 - strategy - INFO - [策略跳过] 攻击类型: BENIGN, 威胁级别: none
2026-03-24 12:57:20 - strategy - INFO - [策略跳过] 攻击类型: BENIGN, 威胁级别: none
2026-03-24 12:57:20 - strategy - INFO - [策略跳过] 攻击类型: BENIGN, 威胁级别: none
2026-03-24 12:57:20 - strategy - INFO - [策略跳过] 攻击类型: BENIGN, 威胁级别: none
2026-03-24 12:57:20 - strategy - INFO - [策略跳过] 攻击类型: BENIGN, 威胁级别: none
2026-03-24 12:57:21 - strategy - INFO - [策略跳过] 攻击类型: BENIGN, 威胁级别: none
2026-03-24 12:57:21 - strategy - INFO - [策略跳过] 攻击类型: BENIGN, 威胁级别: none
2026-03-24 12:57:22 - strategy - INFO - [策略跳过] 攻击类型: BENIGN, 威胁级别: none
2026-03-24 12:57:22 - strategy - INFO - [策略跳过] 攻击类型: BENIGN, 威胁级别: none
2026-03-24 12:57:22 - strategy - INFO - [策略跳过] 攻击类型: BENIGN, 威胁级别: none
2026-03-24 12:57:22 - strategy - INFO - [策略跳过] 攻击类型: BENIGN, 威胁级别: none
2026-03-24 12:57:22 - strategy - INFO - [策略跳过] 攻击类型: BENIGN, 威胁级别: none
2026-03-24 12:57:22 - strategy - INFO - [策略跳过] 攻击类型: BENIGN, 威胁级别: none
2026-03-24 12:57:22 - strategy - INFO - [策略跳过] 攻击类型: BENIGN, 威胁级别: none
2026-03-24 12:57:22 - strategy - INFO - [策略跳过] 攻击类型: BENIGN, 威胁级别: none
2026-03-24 12:57:22 - strategy - INFO - [策略跳过] 攻击类型: BENIGN, 威胁级别: none
2026-03-24 12:57:22 - strategy - INFO - [策略跳过] 攻击类型: BENIGN, 威胁级别: none
2026-03-24 12:57:22 - strategy - INFO - [策略跳过] 攻击类型: BENIGN, 威胁级别: none
2026-03-24 12:57:23 - strategy - INFO - [策略跳过] 攻击类型: BENIGN, 威胁级别: none
2026-03-24 12:57:23 - strategy - INFO - [策略跳过] 攻击类型: BENIGN, 威胁级别: none
2026-03-24 12:57:23 - strategy - INFO - [策略跳过] 攻击类型: BENIGN, 威胁级别: none
2026-03-24 12:57:23 - strategy - INFO - [策略跳过] 攻击类型: BENIGN, 威胁级别: none
2026-03-24 12:57:23 - strategy - INFO - [策略跳过] 攻击类型: BENIGN, 威胁级别: none
2026-03-24 12:57:23 - strategy - INFO - [策略跳过] 攻击类型: BENIGN, 威胁级别: none
2026-03-24 12:57:23 - strategy - INFO - [策略跳过] 攻击类型: BENIGN, 威胁级别: none
2026-03-24 12:57:24 - strategy - INFO - [策略跳过] 攻击类型: BENIGN, 威胁级别: none
2026-03-24 12:57:24 - strategy - INFO - [策略跳过] 攻击类型: BENIGN, 威胁级别: none
2026-03-24 12:57:24 - strategy - INFO - [策略跳过] 攻击类型: BENIGN, 威胁级别: none
2026-03-24 12:57:24 - strategy - INFO - [策略跳过] 攻击类型: BENIGN, 威胁级别: none
2026-03-24 12:57:24 - strategy - INFO - [策略跳过] 攻击类型: BENIGN, 威胁级别: none
2026-03-24 12:57:24 - strategy - INFO - [策略跳过] 攻击类型: BENIGN, 威胁级别: none
2026-03-24 12:57:24 - strategy - INFO - [策略跳过] 攻击类型: BENIGN, 威胁级别: none
2026-03-24 12:57:24 - strategy - INFO - [策略跳过] 攻击类型: BENIGN, 威胁级别: none
2026-03-24 12:57:24 - strategy - INFO - [策略跳过] 攻击类型: BENIGN, 威胁级别: none
2026-03-24 12:57:24 - strategy - INFO - [策略跳过] 攻击类型: BENIGN, 威胁级别: none
2026-03-24 12:57:24 - strategy - INFO - [策略跳过] 攻击类型: BENIGN, 威胁级别: none
2026-03-24 12:57:24 - strategy - INFO - [策略跳过] 攻击类型: BENIGN, 威胁级别: none
2026-03-24 12:57:24 - strategy - INFO - [策略跳过] 攻击类型: BENIGN, 威胁级别: none
2026-03-24 12:57:24 - strategy - INFO - [策略跳过] 攻击类型: BENIGN, 威胁级别: none
2026-03-24 12:57:24 - strategy - INFO - [策略跳过] 攻击类型: BENIGN, 威胁级别: none
2026-03-24 12:57:24 - strategy - INFO - [策略跳过] 攻击类型: BENIGN, 威胁级别: none
2026-03-24 12:57:24 - strategy - INFO - [策略跳过] 攻击类型: BENIGN, 威胁级别: none
2026-03-24 12:57:24 - strategy - INFO - [策略跳过] 攻击类型: BENIGN, 威胁级别: none
2026-03-24 12:57:24 - strategy - INFO - [策略跳过] 攻击类型: BENIGN, 威胁级别: none
2026-03-24 12:57:24 - strategy - INFO - [策略跳过] 攻击类型: BENIGN, 威胁级别: none
2026-03-24 12:57:25 - strategy - INFO - [策略跳过] 攻击类型: BENIGN, 威胁级别: none
2026-03-24 12:57:25 - strategy - INFO - [策略跳过] 攻击类型: BENIGN, 威胁级别: none
2026-03-24 12:57:25 - strategy - INFO - [策略跳过] 攻击类型: BENIGN, 威胁级别: none
2026-03-24 12:57:25 - strategy - INFO - [策略跳过] 攻击类型: BENIGN, 威胁级别: none
2026-03-24 12:57:25 - strategy - INFO - [策略跳过] 攻击类型: BENIGN, 威胁级别: none
2026-03-24 12:57:25 - strategy - INFO - [策略跳过] 攻击类型: BENIGN, 威胁级别: none
2026-03-24 12:57:25 - strategy - INFO - [策略跳过] 攻击类型: BENIGN, 威胁级别: none
2026-03-24 12:57:25 - strategy - INFO - [策略跳过] 攻击类型: BENIGN, 威胁级别: none
2026-03-24 12:57:25 - strategy - INFO - [策略跳过] 攻击类型: BENIGN, 威胁级别: none
2026-03-24 12:57:25 - strategy - INFO - [策略跳过] 攻击类型: BENIGN, 威胁级别: none
2026-03-24 12:57:25 - strategy - INFO - [策略跳过] 攻击类型: BENIGN, 威胁级别: none
2026-03-24 12:57:25 - strategy - INFO - [策略跳过] 攻击类型: BENIGN, 威胁级别: none
2026-03-24 12:57:25 - strategy - INFO - [策略跳过] 攻击类型: BENIGN, 威胁级别: none
2026-03-24 12:57:25 - strategy - INFO - [策略跳过] 攻击类型: BENIGN, 威胁级别: none
2026-03-24 12:57:25 - strategy - INFO - [策略跳过] 攻击类型: BENIGN, 威胁级别: none
2026-03-24 12:57:25 - strategy - INFO - [策略跳过] 攻击类型: BENIGN, 威胁级别: none
2026-03-24 12:57:25 - strategy - INFO - [策略跳过] 攻击类型: BENIGN, 威胁级别: none
2026-03-24 12:57:25 - strategy - INFO - [策略跳过] 攻击类型: BENIGN, 威胁级别: none
2026-03-24 12:57:26 - strategy - INFO - [策略跳过] 攻击类型: BENIGN, 威胁级别: none
2026-03-24 12:57:26 - strategy - INFO - [策略跳过] 攻击类型: BENIGN, 威胁级别: none
2026-03-24 12:57:26 - strategy - INFO - [策略跳过] 攻击类型: BENIGN, 威胁级别: none
2026-03-24 12:57:26 - strategy - INFO - [策略跳过] 攻击类型: BENIGN, 威胁级别: none
2026-03-24 12:57:26 - strategy - INFO - [策略跳过] 攻击类型: BENIGN, 威胁级别: none
2026-03-24 12:57:26 - strategy - INFO - [策略跳过] 攻击类型: BENIGN, 威胁级别: none
2026-03-24 12:57:26 - strategy - INFO - [策略跳过] 攻击类型: BENIGN, 威胁级别: none
2026-03-24 12:57:26 - strategy - INFO - [策略跳过] 攻击类型: BENIGN, 威胁级别: none
2026-03-24 12:57:26 - strategy - INFO - [策略跳过] 攻击类型: BENIGN, 威胁级别: none
2026-03-24 12:57:26 - strategy - INFO - [策略跳过] 攻击类型: BENIGN, 威胁级别: none
2026-03-24 12:57:26 - strategy - INFO - [策略跳过] 攻击类型: BENIGN, 威胁级别: none
2026-03-24 12:57:26 - strategy - INFO - [策略跳过] 攻击类型: BENIGN, 威胁级别: none
2026-03-24 12:57:26 - strategy - INFO - [策略跳过] 攻击类型: BENIGN, 威胁级别: none
2026-03-24 12:57:26 - strategy - INFO - [策略跳过] 攻击类型: BENIGN, 威胁级别: none
2026-03-24 12:57:26 - strategy - INFO - [策略跳过] 攻击类型: BENIGN, 威胁级别: none
2026-03-24 12:57:26 - strategy - INFO - [策略跳过] 攻击类型: BENIGN, 威胁级别: none
2026-03-24 12:57:27 - strategy - INFO - [策略跳过] 攻击类型: BENIGN, 威胁级别: none
2026-03-24 12:57:27 - strategy - INFO - [策略跳过] 攻击类型: BENIGN, 威胁级别: none
2026-03-24 12:57:27 - strategy - INFO - [策略跳过] 攻击类型: BENIGN, 威胁级别: none
2026-03-24 12:57:27 - strategy - INFO - [策略跳过] 攻击类型: BENIGN, 威胁级别: none
2026-03-24 12:57:27 - strategy - INFO - [策略跳过] 攻击类型: BENIGN, 威胁级别: none
2026-03-24 12:57:27 - strategy - INFO - [策略跳过] 攻击类型: BENIGN, 威胁级别: none
2026-03-24 12:57:27 - strategy - INFO - [策略跳过] 攻击类型: BENIGN, 威胁级别: none
2026-03-24 12:57:27 - strategy - INFO - [策略跳过] 攻击类型: BENIGN, 威胁级别: none
2026-03-24 12:57:27 - strategy - INFO - [策略跳过] 攻击类型: BENIGN, 威胁级别: none
2026-03-24 12:57:27 - strategy - INFO - [策略跳过] 攻击类型: BENIGN, 威胁级别: none
2026-03-24 12:57:27 - strategy - INFO - [策略跳过] 攻击类型: BENIGN, 威胁级别: none
2026-03-24 12:57:27 - strategy - INFO - [策略跳过] 攻击类型: BENIGN, 威胁级别: none
2026-03-24 12:57:27 - strategy - INFO - [策略跳过] 攻击类型: BENIGN, 威胁级别: none
2026-03-24 12:57:27 - strategy - INFO - [策略跳过] 攻击类型: BENIGN, 威胁级别: none
2026-03-24 12:57:27 - strategy - INFO - [策略跳过] 攻击类型: BENIGN, 威胁级别: none
2026-03-24 12:57:27 - strategy - INFO - [策略跳过] 攻击类型: BENIGN, 威胁级别: none
2026-03-24 12:57:28 - strategy - INFO - [策略跳过] 攻击类型: BENIGN, 威胁级别: none
2026-03-24 12:57:28 - strategy - INFO - [策略跳过] 攻击类型: BENIGN, 威胁级别: none
2026-03-24 12:57:28 - strategy - INFO - [策略跳过] 攻击类型: BENIGN, 威胁级别: none
2026-03-24 12:57:28 - strategy - INFO - [策略跳过] 攻击类型: BENIGN, 威胁级别: none
2026-03-24 12:57:28 - strategy - INFO - [策略跳过] 攻击类型: BENIGN, 威胁级别: none
2026-03-24 12:57:28 - strategy - INFO - [策略跳过] 攻击类型: BENIGN, 威胁级别: none
2026-03-24 12:57:29 - strategy - INFO - [策略跳过] 攻击类型: BENIGN, 威胁级别: none
2026-03-24 12:57:29 - strategy - INFO - [策略跳过] 攻击类型: BENIGN, 威胁级别: none
2026-03-24 12:57:29 - strategy - INFO - [策略跳过] 攻击类型: BENIGN, 威胁级别: none
2026-03-24 12:57:29 - strategy - INFO - [策略跳过] 攻击类型: BENIGN, 威胁级别: none
2026-03-24 12:57:29 - strategy - INFO - [策略跳过] 攻击类型: BENIGN, 威胁级别: none
2026-03-24 12:57:29 - strategy - INFO - [策略跳过] 攻击类型: BENIGN, 威胁级别: none
2026-03-24 12:57:29 - strategy - INFO - [策略跳过] 攻击类型: BENIGN, 威胁级别: none
2026-03-24 12:57:29 - strategy - INFO - [策略跳过] 攻击类型: BENIGN, 威胁级别: none
2026-03-24 12:57:29 - strategy - INFO - [策略跳过] 攻击类型: BENIGN, 威胁级别: none
2026-03-24 12:57:29 - strategy - INFO - [策略跳过] 攻击类型: BENIGN, 威胁级别: none
2026-03-24 12:57:29 - strategy - INFO - [策略跳过] 攻击类型: BENIGN, 威胁级别: none
2026-03-24 12:57:30 - strategy - INFO - [策略跳过] 攻击类型: BENIGN, 威胁级别: none
2026-03-24 12:57:30 - strategy - INFO - [策略跳过] 攻击类型: BENIGN, 威胁级别: none
2026-03-24 12:57:30 - strategy - INFO - [策略跳过] 攻击类型: BENIGN, 威胁级别: none
2026-03-24 12:57:30 - strategy - INFO - [策略跳过] 攻击类型: BENIGN, 威胁级别: none
2026-03-24 12:57:30 - strategy - INFO - [策略跳过] 攻击类型: BENIGN, 威胁级别: none
2026-03-24 12:57:30 - strategy - INFO - [策略跳过] 攻击类型: BENIGN, 威胁级别: none
2026-03-24 12:57:30 - strategy - INFO - [策略跳过] 攻击类型: BENIGN, 威胁级别: none
2026-03-24 12:57:30 - strategy - INFO - [策略跳过] 攻击类型: BENIGN, 威胁级别: none
2026-03-24 12:57:30 - strategy - INFO - [策略跳过] 攻击类型: BENIGN, 威胁级别: none
2026-03-24 12:57:30 - strategy - INFO - [策略跳过] 攻击类型: BENIGN, 威胁级别: none
2026-03-24 12:57:30 - strategy - INFO - [策略跳过] 攻击类型: BENIGN, 威胁级别: none
2026-03-24 12:57:30 - strategy - INFO - [策略跳过] 攻击类型: BENIGN, 威胁级别: none
2026-03-24 12:57:30 - strategy - INFO - [策略跳过] 攻击类型: BENIGN, 威胁级别: none
2026-03-24 12:57:30 - strategy - INFO - [策略跳过] 攻击类型: BENIGN, 威胁级别: none
2026-03-24 12:57:30 - strategy - INFO - [策略跳过] 攻击类型: BENIGN, 威胁级别: none
2026-03-24 12:57:30 - strategy - INFO - [策略跳过] 攻击类型: BENIGN, 威胁级别: none
2026-03-24 12:57:30 - strategy - INFO - [策略跳过] 攻击类型: BENIGN, 威胁级别: none
2026-03-24 12:57:30 - strategy - INFO - [策略跳过] 攻击类型: BENIGN, 威胁级别: none
2026-03-24 12:57:31 - strategy - INFO - [策略跳过] 攻击类型: BENIGN, 威胁级别: none
2026-03-24 12:57:52 - strategy - INFO - [策略跳过] 攻击类型: BENIGN, 威胁级别: none
2026-03-24 12:57:52 - strategy - INFO - [策略跳过] 攻击类型: BENIGN, 威胁级别: none
2026-03-24 12:57:52 - strategy - INFO - [策略跳过] 攻击类型: BENIGN, 威胁级别: none
2026-03-24 12:57:53 - strategy - INFO - [策略跳过] 攻击类型: BENIGN, 威胁级别: none
2026-03-24 12:57:53 - strategy - INFO - [策略跳过] 攻击类型: BENIGN, 威胁级别: none
2026-03-24 12:57:53 - strategy - INFO - [策略跳过] 攻击类型: BENIGN, 威胁级别: none
2026-03-24 12:57:53 - strategy - INFO - [策略跳过] 攻击类型: BENIGN, 威胁级别: none
2026-03-24 12:57:53 - strategy - INFO - [策略跳过] 攻击类型: BENIGN, 威胁级别: none
2026-03-24 12:57:53 - strategy - INFO - [策略跳过] 攻击类型: BENIGN, 威胁级别: none
2026-03-24 12:57:54 - strategy - INFO - [策略跳过] 攻击类型: BENIGN, 威胁级别: none
2026-03-24 12:57:54 - strategy - INFO - [策略跳过] 攻击类型: BENIGN, 威胁级别: none
2026-03-24 12:57:54 - strategy - INFO - [策略跳过] 攻击类型: BENIGN, 威胁级别: none
2026-03-24 12:57:55 - strategy - INFO - [策略跳过] 攻击类型: BENIGN, 威胁级别: none
2026-03-24 12:57:55 - strategy - INFO - [策略跳过] 攻击类型: BENIGN, 威胁级别: none
2026-03-24 12:57:56 - strategy - INFO - [策略跳过] 攻击类型: BENIGN, 威胁级别: none
2026-03-24 12:57:56 - strategy - INFO - [策略跳过] 攻击类型: BENIGN, 威胁级别: none
2026-03-24 12:57:56 - strategy - INFO - [策略跳过] 攻击类型: BENIGN, 威胁级别: none
2026-03-24 12:57:56 - strategy - INFO - [策略跳过] 攻击类型: BENIGN, 威胁级别: none
2026-03-24 12:57:56 - strategy - INFO - [策略跳过] 攻击类型: BENIGN, 威胁级别: none
2026-03-24 12:57:56 - strategy - INFO - [策略跳过] 攻击类型: BENIGN, 威胁级别: none
2026-03-24 12:57:56 - strategy - INFO - [策略跳过] 攻击类型: BENIGN, 威胁级别: none
2026-03-24 12:57:56 - strategy - INFO - [策略跳过] 攻击类型: BENIGN, 威胁级别: none
2026-03-24 12:57:56 - strategy - INFO - [策略跳过] 攻击类型: BENIGN, 威胁级别: none
2026-03-24 12:57:56 - strategy - INFO - [策略跳过] 攻击类型: BENIGN, 威胁级别: none
2026-03-24 12:57:57 - strategy - INFO - [策略跳过] 攻击类型: BENIGN, 威胁级别: none
2026-03-24 12:57:57 - strategy - INFO - [策略跳过] 攻击类型: BENIGN, 威胁级别: none
2026-03-24 12:57:57 - strategy - INFO - [策略跳过] 攻击类型: BENIGN, 威胁级别: none
2026-03-24 12:57:57 - strategy - INFO - [策略跳过] 攻击类型: BENIGN, 威胁级别: none
2026-03-24 12:57:57 - strategy - INFO - [策略跳过] 攻击类型: BENIGN, 威胁级别: none
2026-03-24 12:57:57 - strategy - INFO - [策略跳过] 攻击类型: BENIGN, 威胁级别: none
2026-03-24 12:57:58 - strategy - INFO - [策略跳过] 攻击类型: BENIGN, 威胁级别: none
2026-03-24 12:57:58 - strategy - INFO - [策略跳过] 攻击类型: BENIGN, 威胁级别: none
2026-03-24 12:57:59 - strategy - INFO - [策略跳过] 攻击类型: BENIGN, 威胁级别: none
2026-03-24 12:57:59 - strategy - INFO - [策略跳过] 攻击类型: BENIGN, 威胁级别: none
2026-03-24 12:57:59 - strategy - INFO - [策略跳过] 攻击类型: BENIGN, 威胁级别: none
2026-03-24 12:58:00 - strategy - INFO - [策略跳过] 攻击类型: BENIGN, 威胁级别: none
2026-03-24 12:58:00 - strategy - INFO - [策略跳过] 攻击类型: BENIGN, 威胁级别: none
2026-03-24 12:58:00 - strategy - INFO - [策略匹配] 尝试匹配策略 - 攻击类型: Infiltration, 威胁级别: high, 源IP: 36.156.84.8
2026-03-24 12:58:00 - strategy - INFO - [策略匹配] 未找到匹配策略 (攻击类型: Infiltration, 威胁级别: high)
2026-03-24 12:58:00 - strategy - INFO - [策略跳过] 攻击类型: BENIGN, 威胁级别: none
2026-03-24 12:58:00 - strategy - INFO - [策略跳过] 攻击类型: BENIGN, 威胁级别: none
2026-03-24 12:58:01 - strategy - INFO - [策略跳过] 攻击类型: BENIGN, 威胁级别: none
2026-03-24 12:58:01 - strategy - INFO - [策略跳过] 攻击类型: BENIGN, 威胁级别: none
2026-03-24 12:58:01 - strategy - INFO - [策略跳过] 攻击类型: BENIGN, 威胁级别: none
2026-03-24 12:58:02 - strategy - INFO - [策略跳过] 攻击类型: BENIGN, 威胁级别: none
2026-03-24 12:58:02 - strategy - INFO - [策略跳过] 攻击类型: BENIGN, 威胁级别: none
2026-03-24 12:58:02 - strategy - INFO - [策略跳过] 攻击类型: BENIGN, 威胁级别: none
2026-03-24 12:58:02 - strategy - INFO - [策略跳过] 攻击类型: BENIGN, 威胁级别: none
2026-03-24 12:58:02 - strategy - INFO - [策略跳过] 攻击类型: BENIGN, 威胁级别: none
2026-03-24 12:58:02 - strategy - INFO - [策略跳过] 攻击类型: BENIGN, 威胁级别: none
2026-03-24 12:58:02 - strategy - INFO - [策略跳过] 攻击类型: BENIGN, 威胁级别: none
2026-03-24 12:58:02 - strategy - INFO - [策略跳过] 攻击类型: BENIGN, 威胁级别: none
2026-03-24 12:58:02 - strategy - INFO - [策略跳过] 攻击类型: BENIGN, 威胁级别: none
2026-03-24 12:58:02 - strategy - INFO - [策略跳过] 攻击类型: BENIGN, 威胁级别: none
2026-03-24 12:58:02 - strategy - INFO - [策略跳过] 攻击类型: BENIGN, 威胁级别: none
2026-03-24 12:58:02 - strategy - INFO - [策略跳过] 攻击类型: BENIGN, 威胁级别: none
2026-03-24 12:58:03 - strategy - INFO - [策略跳过] 攻击类型: BENIGN, 威胁级别: none
2026-03-24 12:58:03 - strategy - INFO - [策略跳过] 攻击类型: BENIGN, 威胁级别: none
2026-03-24 12:58:03 - strategy - INFO - [策略跳过] 攻击类型: BENIGN, 威胁级别: none
2026-03-24 12:58:03 - strategy - INFO - [策略跳过] 攻击类型: BENIGN, 威胁级别: none
2026-03-24 12:58:03 - strategy - INFO - [策略跳过] 攻击类型: BENIGN, 威胁级别: none
2026-03-24 12:58:03 - strategy - INFO - [策略跳过] 攻击类型: BENIGN, 威胁级别: none
2026-03-24 12:58:03 - strategy - INFO - [策略跳过] 攻击类型: BENIGN, 威胁级别: none
2026-03-24 12:58:03 - strategy - INFO - [策略跳过] 攻击类型: BENIGN, 威胁级别: none
2026-03-24 12:58:03 - strategy - INFO - [策略跳过] 攻击类型: BENIGN, 威胁级别: none
2026-03-24 12:58:03 - strategy - INFO - [策略跳过] 攻击类型: BENIGN, 威胁级别: none
2026-03-24 12:58:03 - strategy - INFO - [策略跳过] 攻击类型: BENIGN, 威胁级别: none
2026-03-24 12:58:03 - strategy - INFO - [策略跳过] 攻击类型: BENIGN, 威胁级别: none
2026-03-24 12:58:04 - strategy - INFO - [策略跳过] 攻击类型: BENIGN, 威胁级别: none
2026-03-24 12:58:04 - strategy - INFO - [策略跳过] 攻击类型: BENIGN, 威胁级别: none
2026-03-24 12:58:04 - strategy - INFO - [策略跳过] 攻击类型: BENIGN, 威胁级别: none
2026-03-24 12:58:04 - strategy - INFO - [策略跳过] 攻击类型: BENIGN, 威胁级别: none
2026-03-24 12:58:04 - strategy - INFO - [策略跳过] 攻击类型: BENIGN, 威胁级别: none
2026-03-24 12:58:04 - strategy - INFO - [策略跳过] 攻击类型: BENIGN, 威胁级别: none
2026-03-24 12:58:05 - strategy - INFO - [策略跳过] 攻击类型: BENIGN, 威胁级别: none
2026-03-24 12:58:05 - strategy - INFO - [策略跳过] 攻击类型: BENIGN, 威胁级别: none
2026-03-24 12:58:05 - strategy - INFO - [策略跳过] 攻击类型: BENIGN, 威胁级别: none
2026-03-24 12:58:05 - strategy - INFO - [策略跳过] 攻击类型: BENIGN, 威胁级别: none
2026-03-24 12:58:05 - strategy - INFO - [策略跳过] 攻击类型: BENIGN, 威胁级别: none
2026-03-24 12:58:05 - strategy - INFO - [策略跳过] 攻击类型: BENIGN, 威胁级别: none
2026-03-24 12:58:05 - strategy - INFO - [策略跳过] 攻击类型: BENIGN, 威胁级别: none
2026-03-24 12:58:05 - strategy - INFO - [策略跳过] 攻击类型: BENIGN, 威胁级别: none
2026-03-24 12:58:05 - strategy - INFO - [策略跳过] 攻击类型: BENIGN, 威胁级别: none
2026-03-24 12:58:05 - strategy - INFO - [策略跳过] 攻击类型: BENIGN, 威胁级别: none
2026-03-24 12:58:05 - strategy - INFO - [策略跳过] 攻击类型: BENIGN, 威胁级别: none
2026-03-24 12:58:06 - strategy - INFO - [策略跳过] 攻击类型: BENIGN, 威胁级别: none
2026-03-24 12:58:06 - strategy - INFO - [策略跳过] 攻击类型: BENIGN, 威胁级别: none
2026-03-24 12:58:06 - strategy - INFO - [策略跳过] 攻击类型: BENIGN, 威胁级别: none
2026-03-24 12:58:06 - strategy - INFO - [策略跳过] 攻击类型: BENIGN, 威胁级别: none
2026-03-24 12:58:06 - strategy - INFO - [策略跳过] 攻击类型: BENIGN, 威胁级别: none
2026-03-24 12:58:06 - strategy - INFO - [策略跳过] 攻击类型: BENIGN, 威胁级别: none
2026-03-24 12:58:06 - strategy - INFO - [策略跳过] 攻击类型: BENIGN, 威胁级别: none
2026-03-24 12:58:06 - strategy - INFO - [策略跳过] 攻击类型: BENIGN, 威胁级别: none
2026-03-24 12:58:06 - strategy - INFO - [策略跳过] 攻击类型: BENIGN, 威胁级别: none
2026-03-24 12:58:06 - strategy - INFO - [策略跳过] 攻击类型: BENIGN, 威胁级别: none
2026-03-24 12:58:06 - strategy - INFO - [策略跳过] 攻击类型: BENIGN, 威胁级别: none
2026-03-24 12:58:06 - strategy - INFO - [策略跳过] 攻击类型: BENIGN, 威胁级别: none
2026-03-24 12:58:06 - strategy - INFO - [策略跳过] 攻击类型: BENIGN, 威胁级别: none
2026-03-24 12:58:06 - strategy - INFO - [策略跳过] 攻击类型: BENIGN, 威胁级别: none
2026-03-24 12:58:06 - strategy - INFO - [策略跳过] 攻击类型: BENIGN, 威胁级别: none
2026-03-24 12:58:06 - strategy - INFO - [策略跳过] 攻击类型: BENIGN, 威胁级别: none
2026-03-24 12:58:06 - strategy - INFO - [策略跳过] 攻击类型: BENIGN, 威胁级别: none
2026-03-24 12:58:06 - strategy - INFO - [策略跳过] 攻击类型: BENIGN, 威胁级别: none
2026-03-24 12:58:06 - strategy - INFO - [策略跳过] 攻击类型: BENIGN, 威胁级别: none
2026-03-24 12:58:06 - strategy - INFO - [策略跳过] 攻击类型: BENIGN, 威胁级别: none
2026-03-24 12:58:06 - strategy - INFO - [策略跳过] 攻击类型: BENIGN, 威胁级别: none
2026-03-24 12:58:06 - strategy - INFO - [策略跳过] 攻击类型: BENIGN, 威胁级别: none
2026-03-24 12:58:06 - strategy - INFO - [策略跳过] 攻击类型: BENIGN, 威胁级别: none
2026-03-24 12:58:06 - strategy - INFO - [策略跳过] 攻击类型: BENIGN, 威胁级别: none
2026-03-24 12:58:06 - strategy - INFO - [策略跳过] 攻击类型: BENIGN, 威胁级别: none
2026-03-24 12:58:06 - strategy - INFO - [策略跳过] 攻击类型: BENIGN, 威胁级别: none
2026-03-24 12:58:06 - strategy - INFO - [策略跳过] 攻击类型: BENIGN, 威胁级别: none
2026-03-24 12:58:06 - strategy - INFO - [策略跳过] 攻击类型: BENIGN, 威胁级别: none
2026-03-24 12:58:07 - strategy - INFO - [策略跳过] 攻击类型: BENIGN, 威胁级别: none
2026-03-24 12:58:07 - strategy - INFO - [策略跳过] 攻击类型: BENIGN, 威胁级别: none
2026-03-24 12:58:07 - strategy - INFO - [策略跳过] 攻击类型: BENIGN, 威胁级别: none
2026-03-24 12:58:07 - strategy - INFO - [策略跳过] 攻击类型: BENIGN, 威胁级别: none
2026-03-24 12:58:07 - strategy - INFO - [策略跳过] 攻击类型: BENIGN, 威胁级别: none
2026-03-24 12:58:07 - strategy - INFO - [策略跳过] 攻击类型: BENIGN, 威胁级别: none
2026-03-24 12:58:07 - strategy - INFO - [策略跳过] 攻击类型: BENIGN, 威胁级别: none
2026-03-24 12:58:07 - strategy - INFO - [策略跳过] 攻击类型: BENIGN, 威胁级别: none
2026-03-24 12:58:07 - strategy - INFO - [策略跳过] 攻击类型: BENIGN, 威胁级别: none
2026-03-24 12:58:07 - strategy - INFO - [策略跳过] 攻击类型: BENIGN, 威胁级别: none
2026-03-24 12:58:07 - strategy - INFO - [策略跳过] 攻击类型: BENIGN, 威胁级别: none
2026-03-24 12:58:07 - strategy - INFO - [策略跳过] 攻击类型: BENIGN, 威胁级别: none
2026-03-24 12:58:07 - strategy - INFO - [策略跳过] 攻击类型: BENIGN, 威胁级别: none
2026-03-24 12:58:07 - strategy - INFO - [策略跳过] 攻击类型: BENIGN, 威胁级别: none
2026-03-24 12:58:07 - strategy - INFO - [策略跳过] 攻击类型: BENIGN, 威胁级别: none
2026-03-24 12:58:07 - strategy - INFO - [策略跳过] 攻击类型: BENIGN, 威胁级别: none
2026-03-24 12:58:07 - strategy - INFO - [策略跳过] 攻击类型: BENIGN, 威胁级别: none
2026-03-24 12:58:07 - strategy - INFO - [策略跳过] 攻击类型: BENIGN, 威胁级别: none
2026-03-24 12:58:07 - strategy - INFO - [策略跳过] 攻击类型: BENIGN, 威胁级别: none
2026-03-24 12:58:08 - strategy - INFO - [策略跳过] 攻击类型: BENIGN, 威胁级别: none
2026-03-24 12:58:08 - strategy - INFO - [策略跳过] 攻击类型: BENIGN, 威胁级别: none
2026-03-24 12:58:08 - strategy - INFO - [策略跳过] 攻击类型: BENIGN, 威胁级别: none
2026-03-24 12:58:08 - strategy - INFO - [策略跳过] 攻击类型: BENIGN, 威胁级别: none
2026-03-24 12:58:08 - strategy - INFO - [策略跳过] 攻击类型: BENIGN, 威胁级别: none
2026-03-24 12:58:08 - strategy - INFO - [策略跳过] 攻击类型: BENIGN, 威胁级别: none
2026-03-24 12:59:01 - strategy - INFO - [策略跳过] 攻击类型: BENIGN, 威胁级别: none
2026-03-24 12:59:01 - strategy - INFO - [策略跳过] 攻击类型: BENIGN, 威胁级别: none
2026-03-24 12:59:01 - strategy - INFO - [策略跳过] 攻击类型: BENIGN, 威胁级别: none
2026-03-24 12:59:01 - strategy - INFO - [策略跳过] 攻击类型: BENIGN, 威胁级别: none
2026-03-24 12:59:01 - strategy - INFO - [策略跳过] 攻击类型: BENIGN, 威胁级别: none
2026-03-24 12:59:02 - strategy - INFO - [策略跳过] 攻击类型: BENIGN, 威胁级别: none
2026-03-24 12:59:02 - strategy - INFO - [策略跳过] 攻击类型: BENIGN, 威胁级别: none
2026-03-24 12:59:02 - strategy - INFO - [策略跳过] 攻击类型: BENIGN, 威胁级别: none
2026-03-24 12:59:02 - strategy - INFO - [策略跳过] 攻击类型: BENIGN, 威胁级别: none
2026-03-24 12:59:02 - strategy - INFO - [策略跳过] 攻击类型: BENIGN, 威胁级别: none
2026-03-24 12:59:02 - strategy - INFO - [策略跳过] 攻击类型: BENIGN, 威胁级别: none
2026-03-24 12:59:03 - strategy - INFO - [策略跳过] 攻击类型: BENIGN, 威胁级别: none
2026-03-24 12:59:03 - strategy - INFO - [策略跳过] 攻击类型: BENIGN, 威胁级别: none
2026-03-24 12:59:03 - strategy - INFO - [策略跳过] 攻击类型: BENIGN, 威胁级别: none
2026-03-24 12:59:03 - strategy - INFO - [策略跳过] 攻击类型: BENIGN, 威胁级别: none
2026-03-24 12:59:03 - strategy - INFO - [策略跳过] 攻击类型: BENIGN, 威胁级别: none
2026-03-24 12:59:03 - strategy - INFO - [策略跳过] 攻击类型: BENIGN, 威胁级别: none
2026-03-24 12:59:05 - strategy - INFO - [策略跳过] 攻击类型: BENIGN, 威胁级别: none
2026-03-24 12:59:05 - strategy - INFO - [策略跳过] 攻击类型: BENIGN, 威胁级别: none
2026-03-24 12:59:05 - strategy - INFO - [策略跳过] 攻击类型: BENIGN, 威胁级别: none
2026-03-24 12:59:05 - strategy - INFO - [策略跳过] 攻击类型: BENIGN, 威胁级别: none
2026-03-24 12:59:05 - strategy - INFO - [策略跳过] 攻击类型: BENIGN, 威胁级别: none
2026-03-24 12:59:05 - strategy - INFO - [策略跳过] 攻击类型: BENIGN, 威胁级别: none
2026-03-24 12:59:05 - strategy - INFO - [策略跳过] 攻击类型: BENIGN, 威胁级别: none
2026-03-24 12:59:05 - strategy - INFO - [策略跳过] 攻击类型: BENIGN, 威胁级别: none
2026-03-24 12:59:05 - strategy - INFO - [策略跳过] 攻击类型: BENIGN, 威胁级别: none
2026-03-24 12:59:05 - strategy - INFO - [策略跳过] 攻击类型: BENIGN, 威胁级别: none
2026-03-24 12:59:05 - strategy - INFO - [策略跳过] 攻击类型: BENIGN, 威胁级别: none
2026-03-24 12:59:05 - strategy - INFO - [策略跳过] 攻击类型: BENIGN, 威胁级别: none
2026-03-24 12:59:05 - strategy - INFO - [策略跳过] 攻击类型: BENIGN, 威胁级别: none
2026-03-24 12:59:05 - strategy - INFO - [策略跳过] 攻击类型: BENIGN, 威胁级别: none
2026-03-24 12:59:05 - strategy - INFO - [策略跳过] 攻击类型: BENIGN, 威胁级别: none
2026-03-24 12:59:05 - strategy - INFO - [策略跳过] 攻击类型: BENIGN, 威胁级别: none
2026-03-24 12:59:05 - strategy - INFO - [策略跳过] 攻击类型: BENIGN, 威胁级别: none
2026-03-24 12:59:05 - strategy - INFO - [策略跳过] 攻击类型: BENIGN, 威胁级别: none
2026-03-24 12:59:05 - strategy - INFO - [策略跳过] 攻击类型: BENIGN, 威胁级别: none
2026-03-24 12:59:06 - strategy - INFO - [策略跳过] 攻击类型: BENIGN, 威胁级别: none
2026-03-24 12:59:06 - strategy - INFO - [策略跳过] 攻击类型: BENIGN, 威胁级别: none
2026-03-24 12:59:06 - strategy - INFO - [策略跳过] 攻击类型: BENIGN, 威胁级别: none
2026-03-24 12:59:06 - strategy - INFO - [策略跳过] 攻击类型: BENIGN, 威胁级别: none
2026-03-24 12:59:06 - strategy - INFO - [策略跳过] 攻击类型: BENIGN, 威胁级别: none
2026-03-24 12:59:06 - strategy - INFO - [策略跳过] 攻击类型: BENIGN, 威胁级别: none
2026-03-24 12:59:07 - strategy - INFO - [策略跳过] 攻击类型: BENIGN, 威胁级别: none
2026-03-24 12:59:07 - strategy - INFO - [策略跳过] 攻击类型: BENIGN, 威胁级别: none
2026-03-24 12:59:07 - strategy - INFO - [策略跳过] 攻击类型: BENIGN, 威胁级别: none
2026-03-24 12:59:07 - strategy - INFO - [策略跳过] 攻击类型: BENIGN, 威胁级别: none
2026-03-24 12:59:07 - strategy - INFO - [策略跳过] 攻击类型: BENIGN, 威胁级别: none
2026-03-24 12:59:07 - strategy - INFO - [策略跳过] 攻击类型: BENIGN, 威胁级别: none
2026-03-24 12:59:07 - strategy - INFO - [策略跳过] 攻击类型: BENIGN, 威胁级别: none
2026-03-24 12:59:08 - strategy - INFO - [策略跳过] 攻击类型: BENIGN, 威胁级别: none
2026-03-24 12:59:08 - strategy - INFO - [策略跳过] 攻击类型: BENIGN, 威胁级别: none
2026-03-24 12:59:08 - strategy - INFO - [策略跳过] 攻击类型: BENIGN, 威胁级别: none
2026-03-24 12:59:08 - strategy - INFO - [策略跳过] 攻击类型: BENIGN, 威胁级别: none
2026-03-24 12:59:08 - strategy - INFO - [策略跳过] 攻击类型: BENIGN, 威胁级别: none
2026-03-24 12:59:09 - strategy - INFO - [策略跳过] 攻击类型: BENIGN, 威胁级别: none
2026-03-24 12:59:09 - strategy - INFO - [策略匹配] 尝试匹配策略 - 攻击类型: DoS, 威胁级别: high, 源IP: 223.210.7.250
2026-03-24 12:59:09 - strategy - INFO - [策略匹配] 通配匹配成功: 高风险攻击自动封禁 (攻击类型: all, 威胁级别: high)
2026-03-24 12:59:09 - strategy - INFO - [策略匹配] 找到匹配策略: 高风险攻击自动封禁, 动作: block
2026-03-24 12:59:09 - strategy - INFO - [策略执行] 成功执行策略: 高风险攻击自动封禁
2026-03-24 12:59:09 - strategy - INFO - [策略跳过] 攻击类型: BENIGN, 威胁级别: none
2026-03-24 12:59:10 - strategy - INFO - [策略跳过] 攻击类型: BENIGN, 威胁级别: none
2026-03-24 12:59:10 - strategy - INFO - [策略跳过] 攻击类型: BENIGN, 威胁级别: none
2026-03-24 12:59:10 - strategy - INFO - [策略跳过] 攻击类型: BENIGN, 威胁级别: none
2026-03-24 12:59:10 - strategy - INFO - [策略跳过] 攻击类型: BENIGN, 威胁级别: none
2026-03-24 12:59:10 - strategy - INFO - [策略跳过] 攻击类型: BENIGN, 威胁级别: none
2026-03-24 12:59:10 - strategy - INFO - [策略跳过] 攻击类型: BENIGN, 威胁级别: none
2026-03-24 12:59:10 - strategy - INFO - [策略跳过] 攻击类型: BENIGN, 威胁级别: none
2026-03-24 12:59:10 - strategy - INFO - [策略跳过] 攻击类型: BENIGN, 威胁级别: none
2026-03-24 12:59:10 - strategy - INFO - [策略跳过] 攻击类型: BENIGN, 威胁级别: none
2026-03-24 12:59:10 - strategy - INFO - [策略跳过] 攻击类型: BENIGN, 威胁级别: none
2026-03-24 12:59:12 - strategy - INFO - [策略跳过] 攻击类型: BENIGN, 威胁级别: none
2026-03-24 12:59:12 - strategy - INFO - [策略跳过] 攻击类型: BENIGN, 威胁级别: none
2026-03-24 12:59:12 - strategy - INFO - [策略跳过] 攻击类型: BENIGN, 威胁级别: none
2026-03-24 12:59:12 - strategy - INFO - [策略跳过] 攻击类型: BENIGN, 威胁级别: none
2026-03-24 12:59:12 - strategy - INFO - [策略跳过] 攻击类型: BENIGN, 威胁级别: none
2026-03-24 12:59:12 - strategy - INFO - [策略跳过] 攻击类型: BENIGN, 威胁级别: none
2026-03-24 12:59:12 - strategy - INFO - [策略跳过] 攻击类型: BENIGN, 威胁级别: none
2026-03-24 12:59:12 - strategy - INFO - [策略跳过] 攻击类型: BENIGN, 威胁级别: none
2026-03-24 12:59:12 - strategy - INFO - [策略跳过] 攻击类型: BENIGN, 威胁级别: none
2026-03-24 12:59:12 - strategy - INFO - [策略跳过] 攻击类型: BENIGN, 威胁级别: none
2026-03-24 12:59:12 - strategy - INFO - [策略跳过] 攻击类型: BENIGN, 威胁级别: none
2026-03-24 12:59:12 - strategy - INFO - [策略跳过] 攻击类型: BENIGN, 威胁级别: none
2026-03-24 12:59:12 - strategy - INFO - [策略跳过] 攻击类型: BENIGN, 威胁级别: none
2026-03-24 12:59:12 - strategy - INFO - [策略跳过] 攻击类型: BENIGN, 威胁级别: none
2026-03-24 12:59:12 - strategy - INFO - [策略跳过] 攻击类型: BENIGN, 威胁级别: none
2026-03-24 12:59:12 - strategy - INFO - [策略跳过] 攻击类型: BENIGN, 威胁级别: none
2026-03-24 12:59:12 - strategy - INFO - [策略跳过] 攻击类型: BENIGN, 威胁级别: none
2026-03-24 12:59:12 - strategy - INFO - [策略跳过] 攻击类型: BENIGN, 威胁级别: none
2026-03-24 12:59:12 - strategy - INFO - [策略跳过] 攻击类型: BENIGN, 威胁级别: none
2026-03-24 12:59:12 - strategy - INFO - [策略跳过] 攻击类型: BENIGN, 威胁级别: none
2026-03-24 12:59:12 - strategy - INFO - [策略跳过] 攻击类型: BENIGN, 威胁级别: none
2026-03-24 12:59:12 - strategy - INFO - [策略匹配] 尝试匹配策略 - 攻击类型: Infiltration, 威胁级别: high, 源IP: 172.31.63.93
2026-03-24 12:59:12 - strategy - INFO - [策略匹配] 通配匹配成功: 高风险攻击自动封禁 (攻击类型: all, 威胁级别: high)
2026-03-24 12:59:12 - strategy - INFO - [策略匹配] 找到匹配策略: 高风险攻击自动封禁, 动作: block
2026-03-24 12:59:12 - strategy - INFO - [策略执行] 成功执行策略: 高风险攻击自动封禁
2026-03-24 12:59:12 - strategy - INFO - [策略跳过] 攻击类型: BENIGN, 威胁级别: none
2026-03-24 12:59:12 - strategy - INFO - [策略跳过] 攻击类型: BENIGN, 威胁级别: none
2026-03-24 12:59:12 - strategy - INFO - [策略跳过] 攻击类型: BENIGN, 威胁级别: none
2026-03-24 12:59:12 - strategy - INFO - [策略匹配] 尝试匹配策略 - 攻击类型: DoS, 威胁级别: high, 源IP: 172.31.63.143
2026-03-24 12:59:12 - strategy - INFO - [策略匹配] 通配匹配成功: 高风险攻击自动封禁 (攻击类型: all, 威胁级别: high)
2026-03-24 12:59:12 - strategy - INFO - [策略匹配] 找到匹配策略: 高风险攻击自动封禁, 动作: block
2026-03-24 12:59:13 - strategy - INFO - [策略执行] 成功执行策略: 高风险攻击自动封禁
2026-03-24 12:59:13 - strategy - INFO - [策略跳过] 攻击类型: BENIGN, 威胁级别: none
2026-03-24 12:59:13 - strategy - INFO - [策略跳过] 攻击类型: BENIGN, 威胁级别: none
2026-03-24 12:59:13 - strategy - INFO - [策略跳过] 攻击类型: BENIGN, 威胁级别: none
2026-03-24 12:59:13 - strategy - INFO - [策略跳过] 攻击类型: BENIGN, 威胁级别: none
2026-03-24 12:59:13 - strategy - INFO - [策略跳过] 攻击类型: BENIGN, 威胁级别: none
2026-03-24 12:59:13 - strategy - INFO - [策略跳过] IP 172.31.63.143 已被封禁，跳过响应策略
2026-03-24 12:59:13 - strategy - INFO - [策略跳过] 攻击类型: BENIGN, 威胁级别: none
2026-03-24 12:59:13 - strategy - INFO - [策略跳过] 攻击类型: BENIGN, 威胁级别: none
2026-03-24 12:59:13 - strategy - INFO - [策略跳过] 攻击类型: BENIGN, 威胁级别: none
2026-03-24 12:59:13 - strategy - INFO - [策略跳过] 攻击类型: BENIGN, 威胁级别: none
2026-03-24 12:59:13 - strategy - INFO - [策略跳过] 攻击类型: BENIGN, 威胁级别: none
2026-03-24 12:59:13 - strategy - INFO - [策略跳过] 攻击类型: BENIGN, 威胁级别: none
2026-03-24 12:59:13 - strategy - INFO - [策略跳过] 攻击类型: BENIGN, 威胁级别: none
2026-03-24 12:59:13 - strategy - INFO - [策略跳过] 攻击类型: BENIGN, 威胁级别: none
2026-03-24 12:59:13 - strategy - INFO - [策略跳过] 攻击类型: BENIGN, 威胁级别: none
2026-03-24 12:59:13 - strategy - INFO - [策略跳过] 攻击类型: BENIGN, 威胁级别: none
2026-03-24 12:59:13 - strategy - INFO - [策略跳过] 攻击类型: BENIGN, 威胁级别: none
2026-03-24 12:59:13 - strategy - INFO - [策略跳过] 攻击类型: BENIGN, 威胁级别: none
2026-03-24 12:59:13 - strategy - INFO - [策略跳过] 攻击类型: BENIGN, 威胁级别: none
2026-03-24 12:59:13 - strategy - INFO - [策略跳过] 攻击类型: BENIGN, 威胁级别: none
2026-03-24 12:59:13 - strategy - INFO - [策略跳过] 攻击类型: BENIGN, 威胁级别: none
2026-03-24 12:59:26 - strategy - INFO - [策略取消] 成功取消策略: 自适应策略: 高风险攻击自动封禁, 攻击类型: all, 威胁级别: high, 动作: 封禁1h, 目标IP: 172.31.63.143
2026-03-24 12:59:28 - strategy - INFO - [策略取消] 成功取消策略: 自适应策略: 高风险攻击自动封禁, 攻击类型: all, 威胁级别: high, 动作: 封禁1h, 目标IP: 172.31.63.93
2026-03-24 12:59:30 - strategy - INFO - [策略取消] 成功取消策略: 自适应策略: 高风险攻击自动封禁, 攻击类型: all, 威胁级别: high, 动作: 封禁1h, 目标IP: 223.210.7.250
