2026-03-12 18:01:29 - capture - INFO - 开始捕获流量，网卡: VMware Network Adapter VMnet8
2026-03-12 18:01:29 - capture - INFO - 更新间隔: 1秒
2026-03-12 18:02:36 - capture - INFO - 尝试停止捕获...
2026-03-12 18:02:36 - capture - INFO - 等待捕获线程结束...
2026-03-12 18:02:36 - capture - INFO - 尝试停止捕获...
2026-03-12 18:02:36 - capture - INFO - 等待捕获线程结束...
2026-03-12 18:02:36 - capture - INFO - 尝试停止捕获...
2026-03-12 18:02:36 - capture - INFO - 等待捕获线程结束...
2026-03-12 18:02:36 - capture - INFO - 尝试停止捕获...
2026-03-12 18:02:36 - capture - INFO - 等待捕获线程结束...
2026-03-12 18:02:36 - capture - INFO - 尝试停止捕获...
2026-03-12 18:02:36 - capture - INFO - 等待捕获线程结束...
2026-03-12 18:02:37 - capture - INFO - 捕获已停止
2026-03-12 18:02:37 - capture - INFO - 捕获已停止
2026-03-12 18:02:37 - capture - INFO - 捕获已停止
2026-03-12 18:02:37 - capture - INFO - 捕获已停止
2026-03-12 18:02:37 - capture - INFO - 捕获已停止
2026-03-12 18:02:37 - capture - INFO - 捕获已停止
2026-03-12 18:03:05 - capture - INFO - 开始捕获流量，网卡: VMware Network Adapter VMnet8
2026-03-12 18:03:05 - capture - INFO - 更新间隔: 1秒
2026-03-12 18:03:23 - capture - INFO - 尝试停止捕获...
2026-03-12 18:03:23 - capture - INFO - 等待捕获线程结束...
2026-03-12 18:03:23 - capture - INFO - 捕获已停止
2026-03-12 18:03:23 - capture - INFO - 捕获已停止
2026-03-12 18:08:22 - capture - INFO - 开始捕获流量，网卡: VMware Network Adapter VMnet8
2026-03-12 18:08:22 - capture - INFO - 更新间隔: 1秒
2026-03-12 18:08:39 - capture - INFO - 尝试停止捕获...
2026-03-12 18:08:39 - capture - INFO - 等待捕获线程结束...
2026-03-12 18:08:39 - capture - INFO - 捕获已停止
2026-03-12 18:08:39 - capture - INFO - 捕获已停止
2026-03-12 18:10:18 - capture - INFO - 开始捕获流量，网卡: VMware Network Adapter VMnet8
2026-03-12 18:10:18 - capture - INFO - 更新间隔: 1秒
2026-03-12 18:10:29 - capture - INFO - 尝试停止捕获...
2026-03-12 18:10:29 - capture - INFO - 等待捕获线程结束...
2026-03-12 18:10:29 - capture - INFO - 捕获已停止
2026-03-12 18:10:29 - capture - INFO - 捕获已停止
2026-03-12 18:21:18 - capture - INFO - 开始捕获流量，网卡: VMware Network Adapter VMnet8
2026-03-12 18:21:18 - capture - INFO - 更新间隔: 1秒
2026-03-12 18:21:28 - capture - INFO - 尝试停止捕获...
2026-03-12 18:21:28 - capture - INFO - 等待捕获线程结束...
2026-03-12 18:21:29 - capture - INFO - 捕获已停止
2026-03-12 18:21:29 - capture - INFO - 捕获已停止
2026-03-12 18:52:46 - capture - INFO - 开始捕获流量，网卡: VMware Network Adapter VMnet8
2026-03-12 18:52:46 - capture - INFO - 更新间隔: 1秒
2026-03-12 18:52:50 - capture - INFO - 定期处理 2 个已完成的流量
2026-03-12 18:52:51 - capture - INFO - 定期处理 20 个已完成的流量
2026-03-12 18:52:54 - capture - INFO - 尝试停止捕获...
2026-03-12 18:52:54 - capture - INFO - 等待捕获线程结束...
2026-03-12 18:52:54 - capture - INFO - 捕获已停止
2026-03-12 18:52:54 - capture - INFO - 捕获已停止
2026-03-12 18:53:48 - capture - INFO - 开始捕获流量，网卡: VMware Network Adapter VMnet8
2026-03-12 18:53:48 - capture - INFO - 更新间隔: 1秒
2026-03-12 18:53:52 - capture - INFO - 定期处理 27 个已完成的流量
2026-03-12 18:53:53 - capture - INFO - 定期处理 24 个已完成的流量
2026-03-12 18:53:54 - capture - INFO - 定期处理 35 个已完成的流量
2026-03-12 18:53:55 - capture - INFO - 定期处理 25 个已完成的流量
2026-03-12 18:53:56 - capture - INFO - 定期处理 2 个已完成的流量
2026-03-12 18:54:08 - capture - INFO - 尝试停止捕获...
2026-03-12 18:54:08 - capture - INFO - 等待捕获线程结束...
2026-03-12 18:54:08 - capture - INFO - 捕获已停止
2026-03-12 18:54:08 - capture - INFO - 捕获已停止
2026-03-12 18:54:40 - capture - INFO - 开始捕获流量，网卡: VMware Network Adapter VMnet8
2026-03-12 18:54:40 - capture - INFO - 更新间隔: 1秒
2026-03-12 18:54:52 - capture - INFO - 定期处理 4 个已完成的流量
2026-03-12 18:54:55 - capture - INFO - 定期处理 1 个已完成的流量
2026-03-12 18:55:05 - capture - INFO - 定期处理 1 个已完成的流量
2026-03-12 18:55:06 - capture - INFO - 定期处理 1 个已完成的流量
2026-03-12 18:55:08 - capture - INFO - 定期处理 1 个已完成的流量
2026-03-12 18:55:09 - capture - INFO - 尝试停止捕获...
2026-03-12 18:55:09 - capture - INFO - 等待捕获线程结束...
2026-03-12 18:55:09 - capture - INFO - 捕获已停止
2026-03-12 18:55:09 - capture - INFO - 捕获已停止
2026-03-12 18:58:45 - capture - INFO - 开始捕获流量，网卡: VMware Network Adapter VMnet8
2026-03-12 18:58:45 - capture - INFO - 更新间隔: 1秒
2026-03-12 18:59:00 - capture - INFO - 定期处理 1 个已完成的流量
2026-03-12 18:59:59 - capture - INFO - 尝试停止捕获...
2026-03-12 18:59:59 - capture - INFO - 等待捕获线程结束...
2026-03-12 18:59:59 - capture - INFO - 捕获已停止
2026-03-12 18:59:59 - capture - INFO - 捕获已停止
2026-03-12 19:03:59 - capture - INFO - 开始捕获流量，网卡: VMware Network Adapter VMnet8
2026-03-12 19:03:59 - capture - INFO - 更新间隔: 1秒
2026-03-12 19:04:03 - capture - INFO - 定期处理 2 个已完成的流量
2026-03-12 19:04:04 - capture - INFO - 定期处理 35 个已完成的流量
2026-03-12 19:04:20 - capture - INFO - 定期处理 36 个已完成的流量
2026-03-12 19:04:21 - capture - INFO - 定期处理 11 个已完成的流量
2026-03-12 19:04:26 - capture - INFO - 尝试停止捕获...
2026-03-12 19:04:26 - capture - INFO - 等待捕获线程结束...
2026-03-12 19:04:27 - capture - INFO - 捕获已停止
2026-03-12 19:04:27 - capture - INFO - 捕获已停止
2026-03-12 19:05:29 - capture - INFO - 开始捕获流量，网卡: VMware Network Adapter VMnet8
2026-03-12 19:05:29 - capture - INFO - 更新间隔: 1秒
2026-03-12 19:05:33 - capture - INFO - 定期处理 2 个已完成的流量
2026-03-12 19:05:34 - capture - INFO - 定期处理 45 个已完成的流量
2026-03-12 19:05:35 - capture - INFO - 定期处理 2 个已完成的流量
2026-03-12 19:05:39 - capture - INFO - 尝试停止捕获...
2026-03-12 19:05:39 - capture - INFO - 等待捕获线程结束...
2026-03-12 19:05:39 - capture - INFO - 捕获已停止
2026-03-12 19:05:39 - capture - INFO - 捕获已停止
2026-03-12 19:07:00 - capture - INFO - 开始捕获流量，网卡: VMware Network Adapter VMnet8
2026-03-12 19:07:00 - capture - INFO - 更新间隔: 1秒
2026-03-12 19:07:04 - capture - INFO - 定期处理 9 个已完成的流量
2026-03-12 19:07:05 - capture - INFO - 定期处理 27 个已完成的流量
2026-03-12 19:07:06 - capture - INFO - 定期处理 1 个已完成的流量
2026-03-12 19:07:20 - capture - INFO - 定期处理 3 个已完成的流量
2026-03-12 19:07:24 - capture - INFO - 尝试停止捕获...
2026-03-12 19:07:24 - capture - INFO - 等待捕获线程结束...
2026-03-12 19:07:25 - capture - INFO - 捕获已停止
2026-03-12 19:07:25 - capture - INFO - 捕获已停止
2026-03-12 19:09:23 - capture - INFO - 开始捕获流量，网卡: VMware Network Adapter VMnet8
2026-03-12 19:09:23 - capture - INFO - 更新间隔: 1秒
2026-03-12 19:09:29 - capture - INFO - 定期处理 35 个已完成的流量
2026-03-12 19:09:30 - capture - INFO - 定期处理 34 个已完成的流量
2026-03-12 19:09:31 - capture - INFO - 定期处理 9 个已完成的流量
2026-03-12 19:09:51 - capture - INFO - 定期处理 1 个已完成的流量
2026-03-12 19:10:03 - capture - INFO - 尝试停止捕获...
2026-03-12 19:10:03 - capture - INFO - 等待捕获线程结束...
2026-03-12 19:10:04 - capture - INFO - 捕获已停止
2026-03-12 19:10:04 - capture - INFO - 捕获已停止
